2014-07-10 21:36:48.008+0000 DEBUG [API] You are using an unsupported Java runtime. Please use Oracle(R) Java(TM) Runtime Environment 7.
2014-07-10 21:36:48.548+0000 INFO  [API] Setting startup timeout to: 120000ms based on -1
14:36:48.830 [main] WARN  o.neo4j.kernel.EmbeddedGraphDatabase - You are using an unsupported Java runtime. Please use Oracle(R) Java(TM) Runtime Environment 7.
2014-07-10 21:36:51.775+0000 INFO  [API] Successfully started database
2014-07-10 21:36:52.744+0000 INFO  [API] Starting HTTP on port :7474 with 40 threads available
2014-07-10 21:36:53.183+0000 INFO  [API] Enabling HTTPS on port :7473
2014-07-10 21:36:53.466+0000 INFO  [API] Mounted discovery module at [/]
2014-07-10 21:36:53.484+0000 INFO  [API] Mounted REST API at [/db/data/]
2014-07-10 21:36:53.492+0000 INFO  [API] Mounted management API at [/db/manage/]
2014-07-10 21:36:53.494+0000 INFO  [API] Mounted webadmin at [/webadmin]
2014-07-10 21:36:53.496+0000 INFO  [API] Mounted Neo4j Browser at [/browser]
2014-07-10 21:36:53.629+0000 INFO  [API] Mounting static content at [/webadmin] from [webadmin-html]
2014-07-10 21:36:53.771+0000 INFO  [API] Mounting static content at [/browser] from [browser]
14:36:53.774 [main] WARN  o.e.j.server.handler.ContextHandler - o.e.j.s.ServletContextHandler@4c1479ba{/,null,null} contextPath ends with /
14:36:53.774 [main] WARN  o.e.j.server.handler.ContextHandler - Empty contextPath
14:36:53.795 [main] INFO  org.eclipse.jetty.server.Server - jetty-9.0.5.v20130815
14:36:53.868 [main] INFO  o.e.j.server.handler.ContextHandler - Started o.e.j.s.h.MovedContextHandler@516368e1{/,null,AVAILABLE}
14:36:54.127 [main] INFO  o.e.j.w.StandardDescriptorProcessor - NO JSP Support for /webadmin, did not find org.apache.jasper.servlet.JspServlet
14:36:54.156 [main] INFO  o.e.j.server.handler.ContextHandler - Started o.e.j.w.WebAppContext@21c2bece{/webadmin,jar:file:/home/adam/neo4j-community-2.0.0/system/lib/neo4j-server-2.0.0-static-web.jar!/webadmin-html,AVAILABLE}
14:36:55.378 [main] INFO  o.e.j.server.handler.ContextHandler - Started o.e.j.s.ServletContextHandler@4c89e00c{/db/manage,null,AVAILABLE}
14:36:56.188 [main] INFO  o.e.j.server.handler.ContextHandler - Started o.e.j.s.ServletContextHandler@115ab21b{/db/data,null,AVAILABLE}
14:36:56.241 [main] INFO  o.e.j.w.StandardDescriptorProcessor - NO JSP Support for /browser, did not find org.apache.jasper.servlet.JspServlet
14:36:56.244 [main] INFO  o.e.j.server.handler.ContextHandler - Started o.e.j.w.WebAppContext@2c472108{/browser,jar:file:/home/adam/neo4j-community-2.0.0/system/lib/neo4j-browser-2.0.0.jar!/browser,AVAILABLE}
14:36:56.512 [main] INFO  o.e.j.server.handler.ContextHandler - Started o.e.j.s.ServletContextHandler@4c1479ba{/,null,AVAILABLE}
14:36:56.537 [main] INFO  o.e.jetty.server.ServerConnector - Started ServerConnector@ecb8456{HTTP/1.1}{localhost:7474}
14:36:56.772 [main] INFO  o.e.jetty.server.ServerConnector - Started ServerConnector@59f4ede3{SSL-HTTP/1.1}{localhost:7473}
2014-07-10 21:36:56.780+0000 INFO  [API] Remote interface ready and available at [http://localhost:7474/]
2014-07-10 21:49:47.635+0000 INFO  [API] Available console sessions: SHELL: class org.neo4j.server.webadmin.console.ShellSessionCreator
CYPHER: class org.neo4j.server.webadmin.console.CypherSessionCreator

2014-07-10 21:50:22.902+0000 INFO  [API] Neo4j Server shutdown initiated by request
14:50:22.918 [Thread-22] INFO  o.e.jetty.server.ServerConnector - Stopped ServerConnector@ecb8456{HTTP/1.1}{localhost:7474}
14:50:22.920 [Thread-22] INFO  o.e.jetty.server.ServerConnector - Stopped ServerConnector@59f4ede3{SSL-HTTP/1.1}{localhost:7473}
14:50:22.921 [Thread-22] INFO  o.e.j.server.handler.ContextHandler - Stopped o.e.j.s.ServletContextHandler@4c1479ba{/,null,UNAVAILABLE}
14:50:22.928 [Thread-22] INFO  o.e.j.server.handler.ContextHandler - Stopped o.e.j.w.WebAppContext@2c472108{/browser,jar:file:/home/adam/neo4j-community-2.0.0/system/lib/neo4j-browser-2.0.0.jar!/browser,UNAVAILABLE}
14:50:22.930 [Thread-22] INFO  o.e.j.server.handler.ContextHandler - Stopped o.e.j.s.ServletContextHandler@115ab21b{/db/data,null,UNAVAILABLE}
14:50:22.932 [Thread-22] INFO  o.e.j.server.handler.ContextHandler - Stopped o.e.j.s.ServletContextHandler@4c89e00c{/db/manage,null,UNAVAILABLE}
14:50:22.940 [Thread-22] INFO  o.e.j.server.handler.ContextHandler - Stopped o.e.j.w.WebAppContext@21c2bece{/webadmin,jar:file:/home/adam/neo4j-community-2.0.0/system/lib/neo4j-server-2.0.0-static-web.jar!/webadmin-html,UNAVAILABLE}
14:50:22.941 [Thread-22] INFO  o.e.j.server.handler.ContextHandler - Stopped o.e.j.s.h.MovedContextHandler@516368e1{/,null,UNAVAILABLE}
2014-07-10 21:50:32.611+0000 DEBUG [API] You are using an unsupported Java runtime. Please use Oracle(R) Java(TM) Runtime Environment 7.
2014-07-10 21:50:33.136+0000 INFO  [API] Setting startup timeout to: 120000ms based on -1
14:50:33.459 [main] WARN  o.neo4j.kernel.EmbeddedGraphDatabase - You are using an unsupported Java runtime. Please use Oracle(R) Java(TM) Runtime Environment 7.
2014-07-10 21:50:36.408+0000 INFO  [API] Successfully started database
2014-07-10 21:50:37.719+0000 INFO  [API] Starting HTTP on port :7474 with 40 threads available
2014-07-10 21:50:38.221+0000 INFO  [API] Enabling HTTPS on port :7473
2014-07-10 21:50:38.505+0000 INFO  [API] Mounted discovery module at [/]
2014-07-10 21:50:38.521+0000 INFO  [API] Mounted REST API at [/db/data/]
2014-07-10 21:50:38.529+0000 INFO  [API] Mounted management API at [/db/manage/]
2014-07-10 21:50:38.531+0000 INFO  [API] Mounted webadmin at [/webadmin]
2014-07-10 21:50:38.533+0000 INFO  [API] Mounted Neo4j Browser at [/browser]
2014-07-10 21:50:38.680+0000 INFO  [API] Mounting static content at [/webadmin] from [webadmin-html]
2014-07-10 21:50:38.849+0000 INFO  [API] Mounting static content at [/browser] from [browser]
14:50:38.851 [main] WARN  o.e.j.server.handler.ContextHandler - o.e.j.s.ServletContextHandler@1bf951e0{/,null,null} contextPath ends with /
14:50:38.852 [main] WARN  o.e.j.server.handler.ContextHandler - Empty contextPath
14:50:38.856 [main] INFO  org.eclipse.jetty.server.Server - jetty-9.0.5.v20130815
14:50:38.911 [main] INFO  o.e.j.server.handler.ContextHandler - Started o.e.j.s.h.MovedContextHandler@512b6f63{/,null,AVAILABLE}
14:50:39.192 [main] INFO  o.e.j.w.StandardDescriptorProcessor - NO JSP Support for /webadmin, did not find org.apache.jasper.servlet.JspServlet
14:50:39.220 [main] INFO  o.e.j.server.handler.ContextHandler - Started o.e.j.w.WebAppContext@7348fb70{/webadmin,jar:file:/home/adam/neo4j-community-2.0.0/system/lib/neo4j-server-2.0.0-static-web.jar!/webadmin-html,AVAILABLE}
14:50:40.425 [main] INFO  o.e.j.server.handler.ContextHandler - Started o.e.j.s.ServletContextHandler@248d8980{/db/manage,null,AVAILABLE}
14:50:41.185 [main] INFO  o.e.j.server.handler.ContextHandler - Started o.e.j.s.ServletContextHandler@6a25d65a{/db/data,null,AVAILABLE}
14:50:41.235 [main] INFO  o.e.j.w.StandardDescriptorProcessor - NO JSP Support for /browser, did not find org.apache.jasper.servlet.JspServlet
14:50:41.239 [main] INFO  o.e.j.server.handler.ContextHandler - Started o.e.j.w.WebAppContext@5292ab7c{/browser,jar:file:/home/adam/neo4j-community-2.0.0/system/lib/neo4j-browser-2.0.0.jar!/browser,AVAILABLE}
14:50:41.562 [main] INFO  o.e.j.server.handler.ContextHandler - Started o.e.j.s.ServletContextHandler@1bf951e0{/,null,AVAILABLE}
14:50:41.591 [main] INFO  o.e.jetty.server.ServerConnector - Started ServerConnector@5b258325{HTTP/1.1}{localhost:7474}
14:50:41.813 [main] INFO  o.e.jetty.server.ServerConnector - Started ServerConnector@71d9ac7b{SSL-HTTP/1.1}{localhost:7473}
2014-07-10 21:50:41.821+0000 INFO  [API] Remote interface ready and available at [http://localhost:7474/]
2014-07-10 21:51:09.191+0000 INFO  [API] Available console sessions: SHELL: class org.neo4j.server.webadmin.console.ShellSessionCreator
CYPHER: class org.neo4j.server.webadmin.console.CypherSessionCreator

2014-07-10 21:51:22.031+0000 INFO  [API] Neo4j Server shutdown initiated by request
14:51:22.045 [Thread-22] INFO  o.e.jetty.server.ServerConnector - Stopped ServerConnector@5b258325{HTTP/1.1}{localhost:7474}
14:51:22.047 [Thread-22] INFO  o.e.jetty.server.ServerConnector - Stopped ServerConnector@71d9ac7b{SSL-HTTP/1.1}{localhost:7473}
14:51:22.048 [Thread-22] INFO  o.e.j.server.handler.ContextHandler - Stopped o.e.j.s.ServletContextHandler@1bf951e0{/,null,UNAVAILABLE}
14:51:22.051 [Thread-22] INFO  o.e.j.server.handler.ContextHandler - Stopped o.e.j.w.WebAppContext@5292ab7c{/browser,jar:file:/home/adam/neo4j-community-2.0.0/system/lib/neo4j-browser-2.0.0.jar!/browser,UNAVAILABLE}
14:51:22.052 [Thread-22] INFO  o.e.j.server.handler.ContextHandler - Stopped o.e.j.s.ServletContextHandler@6a25d65a{/db/data,null,UNAVAILABLE}
14:51:22.053 [Thread-22] INFO  o.e.j.server.handler.ContextHandler - Stopped o.e.j.s.ServletContextHandler@248d8980{/db/manage,null,UNAVAILABLE}
14:51:22.059 [Thread-22] INFO  o.e.j.server.handler.ContextHandler - Stopped o.e.j.w.WebAppContext@7348fb70{/webadmin,jar:file:/home/adam/neo4j-community-2.0.0/system/lib/neo4j-server-2.0.0-static-web.jar!/webadmin-html,UNAVAILABLE}
14:51:22.060 [Thread-22] INFO  o.e.j.server.handler.ContextHandler - Stopped o.e.j.s.h.MovedContextHandler@512b6f63{/,null,UNAVAILABLE}
2014-07-10 21:52:07.743+0000 DEBUG [API] You are using an unsupported Java runtime. Please use Oracle(R) Java(TM) Runtime Environment 7.
2014-07-10 21:52:08.203+0000 INFO  [API] Setting startup timeout to: 120000ms based on -1
14:52:08.492 [main] WARN  o.neo4j.kernel.EmbeddedGraphDatabase - You are using an unsupported Java runtime. Please use Oracle(R) Java(TM) Runtime Environment 7.
2014-07-10 21:52:11.392+0000 INFO  [API] Successfully started database
2014-07-10 21:52:12.382+0000 INFO  [API] Starting HTTP on port :7474 with 40 threads available
2014-07-10 21:52:12.825+0000 INFO  [API] Enabling HTTPS on port :7473
2014-07-10 21:52:13.140+0000 INFO  [API] Mounted discovery module at [/]
2014-07-10 21:52:13.157+0000 INFO  [API] Mounted REST API at [/db/data/]
2014-07-10 21:52:13.164+0000 INFO  [API] Mounted management API at [/db/manage/]
2014-07-10 21:52:13.166+0000 INFO  [API] Mounted webadmin at [/webadmin]
2014-07-10 21:52:13.168+0000 INFO  [API] Mounted Neo4j Browser at [/browser]
2014-07-10 21:52:13.305+0000 INFO  [API] Mounting static content at [/webadmin] from [webadmin-html]
2014-07-10 21:52:13.435+0000 INFO  [API] Mounting static content at [/browser] from [browser]
14:52:13.437 [main] WARN  o.e.j.server.handler.ContextHandler - o.e.j.s.ServletContextHandler@ef4100a{/,null,null} contextPath ends with /
14:52:13.437 [main] WARN  o.e.j.server.handler.ContextHandler - Empty contextPath
14:52:13.442 [main] INFO  org.eclipse.jetty.server.Server - jetty-9.0.5.v20130815
14:52:13.516 [main] INFO  o.e.j.server.handler.ContextHandler - Started o.e.j.s.h.MovedContextHandler@7c32b4f8{/,null,AVAILABLE}
14:52:13.740 [main] INFO  o.e.j.w.StandardDescriptorProcessor - NO JSP Support for /webadmin, did not find org.apache.jasper.servlet.JspServlet
14:52:13.769 [main] INFO  o.e.j.server.handler.ContextHandler - Started o.e.j.w.WebAppContext@3c0271f9{/webadmin,jar:file:/home/adam/neo4j-community-2.0.0/system/lib/neo4j-server-2.0.0-static-web.jar!/webadmin-html,AVAILABLE}
14:52:14.909 [main] INFO  o.e.j.server.handler.ContextHandler - Started o.e.j.s.ServletContextHandler@2396aad2{/db/manage,null,AVAILABLE}
14:52:15.699 [main] INFO  o.e.j.server.handler.ContextHandler - Started o.e.j.s.ServletContextHandler@e0fadd2{/db/data,null,AVAILABLE}
14:52:15.755 [main] INFO  o.e.j.w.StandardDescriptorProcessor - NO JSP Support for /browser, did not find org.apache.jasper.servlet.JspServlet
14:52:15.759 [main] INFO  o.e.j.server.handler.ContextHandler - Started o.e.j.w.WebAppContext@aa55ab9{/browser,jar:file:/home/adam/neo4j-community-2.0.0/system/lib/neo4j-browser-2.0.0.jar!/browser,AVAILABLE}
14:52:16.047 [main] INFO  o.e.j.server.handler.ContextHandler - Started o.e.j.s.ServletContextHandler@ef4100a{/,null,AVAILABLE}
14:52:16.071 [main] INFO  o.e.jetty.server.ServerConnector - Started ServerConnector@39fba59b{HTTP/1.1}{localhost:7474}
14:52:16.283 [main] INFO  o.e.jetty.server.ServerConnector - Started ServerConnector@54d4572f{SSL-HTTP/1.1}{localhost:7473}
2014-07-10 21:52:16.289+0000 INFO  [API] Remote interface ready and available at [http://localhost:7474/]
2014-07-10 22:07:14.862+0000 INFO  [API] Available console sessions: SHELL: class org.neo4j.server.webadmin.console.ShellSessionCreator
CYPHER: class org.neo4j.server.webadmin.console.CypherSessionCreator

2014-07-16 20:07:42.815+0000 DEBUG [API] You are using an unsupported Java runtime. Please use Oracle(R) Java(TM) Runtime Environment 7.
2014-07-16 20:07:43.097+0000 INFO  [API] Setting startup timeout to: 120000ms based on -1
Detected incorrectly shut down database, performing recovery..
13:07:43.292 [main] WARN  o.neo4j.kernel.EmbeddedGraphDatabase - You are using an unsupported Java runtime. Please use Oracle(R) Java(TM) Runtime Environment 7.
2014-07-16 20:07:51.090+0000 INFO  [API] Successfully started database
2014-07-16 20:07:51.818+0000 INFO  [API] Starting HTTP on port :7474 with 40 threads available
2014-07-16 20:07:52.064+0000 INFO  [API] Enabling HTTPS on port :7473
2014-07-16 20:07:52.207+0000 INFO  [API] Mounted discovery module at [/]
2014-07-16 20:07:52.217+0000 INFO  [API] Mounted REST API at [/db/data/]
2014-07-16 20:07:52.221+0000 INFO  [API] Mounted management API at [/db/manage/]
2014-07-16 20:07:52.222+0000 INFO  [API] Mounted webadmin at [/webadmin]
2014-07-16 20:07:52.223+0000 INFO  [API] Mounted Neo4j Browser at [/browser]
2014-07-16 20:07:52.306+0000 INFO  [API] Mounting static content at [/webadmin] from [webadmin-html]
2014-07-16 20:07:52.402+0000 INFO  [API] Mounting static content at [/browser] from [browser]
13:07:52.404 [main] WARN  o.e.j.server.handler.ContextHandler - o.e.j.s.ServletContextHandler@cfc9124{/,null,null} contextPath ends with /
13:07:52.404 [main] WARN  o.e.j.server.handler.ContextHandler - Empty contextPath
13:07:52.414 [main] INFO  org.eclipse.jetty.server.Server - jetty-9.0.5.v20130815
13:07:52.458 [main] INFO  o.e.j.server.handler.ContextHandler - Started o.e.j.s.h.MovedContextHandler@577670ee{/,null,AVAILABLE}
13:07:52.614 [main] INFO  o.e.j.w.StandardDescriptorProcessor - NO JSP Support for /webadmin, did not find org.apache.jasper.servlet.JspServlet
13:07:52.630 [main] INFO  o.e.j.server.handler.ContextHandler - Started o.e.j.w.WebAppContext@65614c46{/webadmin,jar:file:/home/adam/neo4j-community-2.0.0/system/lib/neo4j-server-2.0.0-static-web.jar!/webadmin-html,AVAILABLE}
13:07:53.249 [main] INFO  o.e.j.server.handler.ContextHandler - Started o.e.j.s.ServletContextHandler@128157c2{/db/manage,null,AVAILABLE}
13:07:53.628 [main] INFO  o.e.j.server.handler.ContextHandler - Started o.e.j.s.ServletContextHandler@135b9d49{/db/data,null,AVAILABLE}
13:07:53.659 [main] INFO  o.e.j.w.StandardDescriptorProcessor - NO JSP Support for /browser, did not find org.apache.jasper.servlet.JspServlet
13:07:53.661 [main] INFO  o.e.j.server.handler.ContextHandler - Started o.e.j.w.WebAppContext@3fe51ea2{/browser,jar:file:/home/adam/neo4j-community-2.0.0/system/lib/neo4j-browser-2.0.0.jar!/browser,AVAILABLE}
13:07:53.799 [main] INFO  o.e.j.server.handler.ContextHandler - Started o.e.j.s.ServletContextHandler@cfc9124{/,null,AVAILABLE}
13:07:53.813 [main] INFO  o.e.jetty.server.ServerConnector - Started ServerConnector@2ebf13d5{HTTP/1.1}{localhost:7474}
13:07:53.928 [main] INFO  o.e.jetty.server.ServerConnector - Started ServerConnector@54514d60{SSL-HTTP/1.1}{localhost:7473}
2014-07-16 20:07:53.942+0000 INFO  [API] Remote interface ready and available at [http://localhost:7474/]
2014-07-22 21:30:21.871+0000 DEBUG [API] You are using an unsupported Java runtime. Please use Oracle(R) Java(TM) Runtime Environment 7.
2014-07-22 21:30:22.193+0000 INFO  [API] Setting startup timeout to: 120000ms based on -1
Detected incorrectly shut down database, performing recovery..
14:30:22.408 [main] WARN  o.neo4j.kernel.EmbeddedGraphDatabase - You are using an unsupported Java runtime. Please use Oracle(R) Java(TM) Runtime Environment 7.
2014-07-22 21:30:29.480+0000 INFO  [API] Successfully started database
2014-07-22 21:30:30.631+0000 INFO  [API] Starting HTTP on port :7474 with 40 threads available
2014-07-22 21:30:30.865+0000 INFO  [API] Enabling HTTPS on port :7473
2014-07-22 21:30:31.012+0000 INFO  [API] Mounted discovery module at [/]
2014-07-22 21:30:31.022+0000 INFO  [API] Mounted REST API at [/db/data/]
2014-07-22 21:30:31.026+0000 INFO  [API] Mounted management API at [/db/manage/]
2014-07-22 21:30:31.027+0000 INFO  [API] Mounted webadmin at [/webadmin]
2014-07-22 21:30:31.028+0000 INFO  [API] Mounted Neo4j Browser at [/browser]
2014-07-22 21:30:31.116+0000 INFO  [API] Mounting static content at [/webadmin] from [webadmin-html]
2014-07-22 21:30:31.191+0000 INFO  [API] Mounting static content at [/browser] from [browser]
14:30:31.192 [main] WARN  o.e.j.server.handler.ContextHandler - o.e.j.s.ServletContextHandler@3a84428f{/,null,null} contextPath ends with /
14:30:31.192 [main] WARN  o.e.j.server.handler.ContextHandler - Empty contextPath
14:30:31.194 [main] INFO  org.eclipse.jetty.server.Server - jetty-9.0.5.v20130815
14:30:31.231 [main] INFO  o.e.j.server.handler.ContextHandler - Started o.e.j.s.h.MovedContextHandler@67f9f93e{/,null,AVAILABLE}
14:30:31.328 [main] INFO  o.e.j.w.StandardDescriptorProcessor - NO JSP Support for /webadmin, did not find org.apache.jasper.servlet.JspServlet
14:30:31.340 [main] INFO  o.e.j.server.handler.ContextHandler - Started o.e.j.w.WebAppContext@38d79b6f{/webadmin,jar:file:/home/adam/neo4j-community-2.0.0/system/lib/neo4j-server-2.0.0-static-web.jar!/webadmin-html,AVAILABLE}
14:30:31.889 [main] INFO  o.e.j.server.handler.ContextHandler - Started o.e.j.s.ServletContextHandler@1da25a67{/db/manage,null,AVAILABLE}
14:30:32.174 [main] INFO  o.e.j.server.handler.ContextHandler - Started o.e.j.s.ServletContextHandler@3d06b0bd{/db/data,null,AVAILABLE}
14:30:32.192 [main] INFO  o.e.j.w.StandardDescriptorProcessor - NO JSP Support for /browser, did not find org.apache.jasper.servlet.JspServlet
14:30:32.194 [main] INFO  o.e.j.server.handler.ContextHandler - Started o.e.j.w.WebAppContext@3700345a{/browser,jar:file:/home/adam/neo4j-community-2.0.0/system/lib/neo4j-browser-2.0.0.jar!/browser,AVAILABLE}
14:30:32.300 [main] INFO  o.e.j.server.handler.ContextHandler - Started o.e.j.s.ServletContextHandler@3a84428f{/,null,AVAILABLE}
14:30:32.318 [main] INFO  o.e.jetty.server.ServerConnector - Started ServerConnector@7b6288a2{HTTP/1.1}{localhost:7474}
14:30:32.444 [main] INFO  o.e.jetty.server.ServerConnector - Started ServerConnector@4a389db3{SSL-HTTP/1.1}{localhost:7473}
2014-07-22 21:30:32.446+0000 INFO  [API] Remote interface ready and available at [http://localhost:7474/]
2014-08-02 22:30:15.660+0000 INFO  [API] Neo4j Server shutdown initiated by request
15:30:15.706 [Thread-24] INFO  o.e.jetty.server.ServerConnector - Stopped ServerConnector@7b6288a2{HTTP/1.1}{localhost:7474}
15:30:15.709 [Thread-24] INFO  o.e.jetty.server.ServerConnector - Stopped ServerConnector@4a389db3{SSL-HTTP/1.1}{localhost:7473}
15:30:15.714 [Thread-24] INFO  o.e.j.server.handler.ContextHandler - Stopped o.e.j.s.ServletContextHandler@3a84428f{/,null,UNAVAILABLE}
15:30:15.718 [Thread-24] INFO  o.e.j.server.handler.ContextHandler - Stopped o.e.j.w.WebAppContext@3700345a{/browser,jar:file:/home/adam/neo4j-community-2.0.0/system/lib/neo4j-browser-2.0.0.jar!/browser,UNAVAILABLE}
15:30:15.721 [Thread-24] INFO  o.e.j.server.handler.ContextHandler - Stopped o.e.j.s.ServletContextHandler@3d06b0bd{/db/data,null,UNAVAILABLE}
15:30:15.722 [Thread-24] INFO  o.e.j.server.handler.ContextHandler - Stopped o.e.j.s.ServletContextHandler@1da25a67{/db/manage,null,UNAVAILABLE}
15:30:15.725 [Thread-24] INFO  o.e.j.server.handler.ContextHandler - Stopped o.e.j.w.WebAppContext@38d79b6f{/webadmin,jar:file:/home/adam/neo4j-community-2.0.0/system/lib/neo4j-server-2.0.0-static-web.jar!/webadmin-html,UNAVAILABLE}
15:30:15.725 [Thread-24] INFO  o.e.j.server.handler.ContextHandler - Stopped o.e.j.s.h.MovedContextHandler@67f9f93e{/,null,UNAVAILABLE}
2014-08-04 20:24:41.849+0000 DEBUG [API] You are using an unsupported Java runtime. Please use Oracle(R) Java(TM) Runtime Environment 7.
2014-08-04 20:24:42.468+0000 INFO  [API] Setting startup timeout to: 120000ms based on -1
13:24:42.865 [main] WARN  o.neo4j.kernel.EmbeddedGraphDatabase - You are using an unsupported Java runtime. Please use Oracle(R) Java(TM) Runtime Environment 7.
2014-08-04 20:24:50.427+0000 INFO  [API] Successfully started database
2014-08-04 20:24:52.189+0000 INFO  [API] Starting HTTP on port :7474 with 40 threads available
2014-08-04 20:24:52.871+0000 INFO  [API] Enabling HTTPS on port :7473
2014-08-04 20:24:53.220+0000 INFO  [API] Mounted discovery module at [/]
2014-08-04 20:24:53.241+0000 INFO  [API] Mounted REST API at [/db/data/]
2014-08-04 20:24:53.250+0000 INFO  [API] Mounted management API at [/db/manage/]
2014-08-04 20:24:53.254+0000 INFO  [API] Mounted webadmin at [/webadmin]
2014-08-04 20:24:53.258+0000 INFO  [API] Mounted Neo4j Browser at [/browser]
2014-08-04 20:24:53.475+0000 INFO  [API] Mounting static content at [/webadmin] from [webadmin-html]
2014-08-04 20:24:53.655+0000 INFO  [API] Mounting static content at [/browser] from [browser]
13:24:53.658 [main] WARN  o.e.j.server.handler.ContextHandler - o.e.j.s.ServletContextHandler@480c26ba{/,null,null} contextPath ends with /
13:24:53.658 [main] WARN  o.e.j.server.handler.ContextHandler - Empty contextPath
13:24:53.664 [main] INFO  org.eclipse.jetty.server.Server - jetty-9.0.5.v20130815
13:24:53.735 [main] INFO  o.e.j.server.handler.ContextHandler - Started o.e.j.s.h.MovedContextHandler@28b7b9be{/,null,AVAILABLE}
13:24:54.074 [main] INFO  o.e.j.w.StandardDescriptorProcessor - NO JSP Support for /webadmin, did not find org.apache.jasper.servlet.JspServlet
13:24:54.134 [main] INFO  o.e.j.server.handler.ContextHandler - Started o.e.j.w.WebAppContext@24fc9cde{/webadmin,jar:file:/home/adam/neo4j-community-2.0.0/system/lib/neo4j-server-2.0.0-static-web.jar!/webadmin-html,AVAILABLE}
13:24:55.849 [main] INFO  o.e.j.server.handler.ContextHandler - Started o.e.j.s.ServletContextHandler@37143859{/db/manage,null,AVAILABLE}
13:24:57.083 [main] INFO  o.e.j.server.handler.ContextHandler - Started o.e.j.s.ServletContextHandler@7c2a2201{/db/data,null,AVAILABLE}
13:24:57.169 [main] INFO  o.e.j.w.StandardDescriptorProcessor - NO JSP Support for /browser, did not find org.apache.jasper.servlet.JspServlet
13:24:57.176 [main] INFO  o.e.j.server.handler.ContextHandler - Started o.e.j.w.WebAppContext@562956f3{/browser,jar:file:/home/adam/neo4j-community-2.0.0/system/lib/neo4j-browser-2.0.0.jar!/browser,AVAILABLE}
13:24:57.661 [main] INFO  o.e.j.server.handler.ContextHandler - Started o.e.j.s.ServletContextHandler@480c26ba{/,null,AVAILABLE}
13:24:57.702 [main] INFO  o.e.jetty.server.ServerConnector - Started ServerConnector@79ba9d01{HTTP/1.1}{localhost:7474}
13:24:58.133 [main] INFO  o.e.jetty.server.ServerConnector - Started ServerConnector@580cd2ca{SSL-HTTP/1.1}{localhost:7473}
2014-08-04 20:24:58.174+0000 INFO  [API] Remote interface ready and available at [http://localhost:7474/]
2014-08-04 20:30:21.168+0000 INFO  [API] Available console sessions: SHELL: class org.neo4j.server.webadmin.console.ShellSessionCreator
CYPHER: class org.neo4j.server.webadmin.console.CypherSessionCreator

2014-08-11 22:47:31.448+0000 DEBUG [API] You are using an unsupported Java runtime. Please use Oracle(R) Java(TM) Runtime Environment 7.
2014-08-11 22:47:31.764+0000 INFO  [API] Setting startup timeout to: 120000ms based on -1
Detected incorrectly shut down database, performing recovery..
15:47:31.986 [main] WARN  o.neo4j.kernel.EmbeddedGraphDatabase - You are using an unsupported Java runtime. Please use Oracle(R) Java(TM) Runtime Environment 7.
2014-08-11 22:47:38.158+0000 INFO  [API] Successfully started database
2014-08-11 22:47:38.784+0000 INFO  [API] Starting HTTP on port :7474 with 40 threads available
2014-08-11 22:47:39.013+0000 INFO  [API] Enabling HTTPS on port :7473
2014-08-11 22:47:39.174+0000 INFO  [API] Mounted discovery module at [/]
2014-08-11 22:47:39.184+0000 INFO  [API] Mounted REST API at [/db/data/]
2014-08-11 22:47:39.187+0000 INFO  [API] Mounted management API at [/db/manage/]
2014-08-11 22:47:39.189+0000 INFO  [API] Mounted webadmin at [/webadmin]
2014-08-11 22:47:39.190+0000 INFO  [API] Mounted Neo4j Browser at [/browser]
2014-08-11 22:47:39.292+0000 INFO  [API] Mounting static content at [/webadmin] from [webadmin-html]
2014-08-11 22:47:39.365+0000 INFO  [API] Mounting static content at [/browser] from [browser]
15:47:39.366 [main] WARN  o.e.j.server.handler.ContextHandler - o.e.j.s.ServletContextHandler@15fcadd1{/,null,null} contextPath ends with /
15:47:39.366 [main] WARN  o.e.j.server.handler.ContextHandler - Empty contextPath
15:47:39.368 [main] INFO  org.eclipse.jetty.server.Server - jetty-9.0.5.v20130815
15:47:39.393 [main] INFO  o.e.j.server.handler.ContextHandler - Started o.e.j.s.h.MovedContextHandler@81082b7{/,null,AVAILABLE}
15:47:39.531 [main] INFO  o.e.j.w.StandardDescriptorProcessor - NO JSP Support for /webadmin, did not find org.apache.jasper.servlet.JspServlet
15:47:39.543 [main] INFO  o.e.j.server.handler.ContextHandler - Started o.e.j.w.WebAppContext@44fa5ce5{/webadmin,jar:file:/home/adam/neo4j-community-2.0.0/system/lib/neo4j-server-2.0.0-static-web.jar!/webadmin-html,AVAILABLE}
15:47:40.034 [main] INFO  o.e.j.server.handler.ContextHandler - Started o.e.j.s.ServletContextHandler@1f75c51d{/db/manage,null,AVAILABLE}
15:47:40.326 [main] INFO  o.e.j.server.handler.ContextHandler - Started o.e.j.s.ServletContextHandler@1094d8ba{/db/data,null,AVAILABLE}
15:47:40.347 [main] INFO  o.e.j.w.StandardDescriptorProcessor - NO JSP Support for /browser, did not find org.apache.jasper.servlet.JspServlet
15:47:40.348 [main] INFO  o.e.j.server.handler.ContextHandler - Started o.e.j.w.WebAppContext@19b12cc6{/browser,jar:file:/home/adam/neo4j-community-2.0.0/system/lib/neo4j-browser-2.0.0.jar!/browser,AVAILABLE}
15:47:40.466 [main] INFO  o.e.j.server.handler.ContextHandler - Started o.e.j.s.ServletContextHandler@15fcadd1{/,null,AVAILABLE}
15:47:40.481 [main] INFO  o.e.jetty.server.ServerConnector - Started ServerConnector@3ae43129{HTTP/1.1}{localhost:7474}
15:47:40.634 [main] INFO  o.e.jetty.server.ServerConnector - Started ServerConnector@229e9211{SSL-HTTP/1.1}{localhost:7473}
2014-08-11 22:47:40.635+0000 INFO  [API] Remote interface ready and available at [http://localhost:7474/]
2014-08-12 19:04:33.748+0000 INFO  [API] Available console sessions: SHELL: class org.neo4j.server.webadmin.console.ShellSessionCreator
CYPHER: class org.neo4j.server.webadmin.console.CypherSessionCreator

2014-09-04 22:33:21.394+0000 DEBUG [API] You are using an unsupported Java runtime. Please use Oracle(R) Java(TM) Runtime Environment 7.
2014-09-04 22:33:21.724+0000 INFO  [API] Setting startup timeout to: 120000ms based on -1
Detected incorrectly shut down database, performing recovery..
15:33:21.928 [main] WARN  o.neo4j.kernel.EmbeddedGraphDatabase - You are using an unsupported Java runtime. Please use Oracle(R) Java(TM) Runtime Environment 7.
2014-09-04 22:33:29.660+0000 INFO  [API] Successfully started database
2014-09-04 22:33:30.357+0000 INFO  [API] Starting HTTP on port :7474 with 40 threads available
2014-09-04 22:33:30.622+0000 INFO  [API] Enabling HTTPS on port :7473
2014-09-04 22:33:30.746+0000 INFO  [API] Mounted discovery module at [/]
2014-09-04 22:33:30.755+0000 INFO  [API] Mounted REST API at [/db/data/]
2014-09-04 22:33:30.758+0000 INFO  [API] Mounted management API at [/db/manage/]
2014-09-04 22:33:30.760+0000 INFO  [API] Mounted webadmin at [/webadmin]
2014-09-04 22:33:30.761+0000 INFO  [API] Mounted Neo4j Browser at [/browser]
2014-09-04 22:33:30.867+0000 INFO  [API] Mounting static content at [/webadmin] from [webadmin-html]
2014-09-04 22:33:30.953+0000 INFO  [API] Mounting static content at [/browser] from [browser]
15:33:30.954 [main] WARN  o.e.j.server.handler.ContextHandler - o.e.j.s.ServletContextHandler@156461d5{/,null,null} contextPath ends with /
15:33:30.954 [main] WARN  o.e.j.server.handler.ContextHandler - Empty contextPath
15:33:30.957 [main] INFO  org.eclipse.jetty.server.Server - jetty-9.0.5.v20130815
15:33:30.985 [main] INFO  o.e.j.server.handler.ContextHandler - Started o.e.j.s.h.MovedContextHandler@7e02c7fe{/,null,AVAILABLE}
15:33:31.113 [main] INFO  o.e.j.w.StandardDescriptorProcessor - NO JSP Support for /webadmin, did not find org.apache.jasper.servlet.JspServlet
15:33:31.125 [main] INFO  o.e.j.server.handler.ContextHandler - Started o.e.j.w.WebAppContext@44bad6a1{/webadmin,jar:file:/home/adam/neo4j-community-2.0.0/system/lib/neo4j-server-2.0.0-static-web.jar!/webadmin-html,AVAILABLE}
15:33:31.643 [main] INFO  o.e.j.server.handler.ContextHandler - Started o.e.j.s.ServletContextHandler@3a2325eb{/db/manage,null,AVAILABLE}
15:33:31.953 [main] INFO  o.e.j.server.handler.ContextHandler - Started o.e.j.s.ServletContextHandler@58e8fb61{/db/data,null,AVAILABLE}
15:33:31.974 [main] INFO  o.e.j.w.StandardDescriptorProcessor - NO JSP Support for /browser, did not find org.apache.jasper.servlet.JspServlet
15:33:31.975 [main] INFO  o.e.j.server.handler.ContextHandler - Started o.e.j.w.WebAppContext@605e1db8{/browser,jar:file:/home/adam/neo4j-community-2.0.0/system/lib/neo4j-browser-2.0.0.jar!/browser,AVAILABLE}
15:33:32.093 [main] INFO  o.e.j.server.handler.ContextHandler - Started o.e.j.s.ServletContextHandler@156461d5{/,null,AVAILABLE}
15:33:32.109 [main] INFO  o.e.jetty.server.ServerConnector - Started ServerConnector@54bd9fc3{HTTP/1.1}{localhost:7474}
15:33:32.233 [main] INFO  o.e.jetty.server.ServerConnector - Started ServerConnector@4d4cd792{SSL-HTTP/1.1}{localhost:7473}
2014-09-04 22:33:32.235+0000 INFO  [API] Remote interface ready and available at [http://localhost:7474/]
2014-09-08 22:17:11.233+0000 DEBUG [API] You are using an unsupported Java runtime. Please use Oracle(R) Java(TM) Runtime Environment 7.
2014-09-08 22:17:12.011+0000 INFO  [API] Setting startup timeout to: 120000ms based on -1
Detected incorrectly shut down database, performing recovery..
15:17:12.492 [main] WARN  o.neo4j.kernel.EmbeddedGraphDatabase - You are using an unsupported Java runtime. Please use Oracle(R) Java(TM) Runtime Environment 7.
2014-09-08 22:17:23.474+0000 INFO  [API] Successfully started database
2014-09-08 22:17:25.370+0000 INFO  [API] Starting HTTP on port :7474 with 40 threads available
2014-09-08 22:17:25.972+0000 INFO  [API] Enabling HTTPS on port :7473
2014-09-08 22:17:26.328+0000 INFO  [API] Mounted discovery module at [/]
2014-09-08 22:17:26.355+0000 INFO  [API] Mounted REST API at [/db/data/]
2014-09-08 22:17:26.369+0000 INFO  [API] Mounted management API at [/db/manage/]
2014-09-08 22:17:26.373+0000 INFO  [API] Mounted webadmin at [/webadmin]
2014-09-08 22:17:26.376+0000 INFO  [API] Mounted Neo4j Browser at [/browser]
2014-09-08 22:17:26.605+0000 INFO  [API] Mounting static content at [/webadmin] from [webadmin-html]
2014-09-08 22:17:26.800+0000 INFO  [API] Mounting static content at [/browser] from [browser]
15:17:26.803 [main] WARN  o.e.j.server.handler.ContextHandler - o.e.j.s.ServletContextHandler@1b4f370a{/,null,null} contextPath ends with /
15:17:26.809 [main] WARN  o.e.j.server.handler.ContextHandler - Empty contextPath
15:17:26.817 [main] INFO  org.eclipse.jetty.server.Server - jetty-9.0.5.v20130815
15:17:26.968 [main] INFO  o.e.j.server.handler.ContextHandler - Started o.e.j.s.h.MovedContextHandler@581f9a8c{/,null,AVAILABLE}
15:17:27.299 [main] INFO  o.e.j.w.StandardDescriptorProcessor - NO JSP Support for /webadmin, did not find org.apache.jasper.servlet.JspServlet
15:17:27.334 [main] INFO  o.e.j.server.handler.ContextHandler - Started o.e.j.w.WebAppContext@394b5b6e{/webadmin,jar:file:/home/adam/neo4j-community-2.0.0/system/lib/neo4j-server-2.0.0-static-web.jar!/webadmin-html,AVAILABLE}
15:17:29.208 [main] INFO  o.e.j.server.handler.ContextHandler - Started o.e.j.s.ServletContextHandler@1ede71fe{/db/manage,null,AVAILABLE}
15:17:30.241 [main] INFO  o.e.j.server.handler.ContextHandler - Started o.e.j.s.ServletContextHandler@1a295a3a{/db/data,null,AVAILABLE}
15:17:30.310 [main] INFO  o.e.j.w.StandardDescriptorProcessor - NO JSP Support for /browser, did not find org.apache.jasper.servlet.JspServlet
15:17:30.316 [main] INFO  o.e.j.server.handler.ContextHandler - Started o.e.j.w.WebAppContext@3605435c{/browser,jar:file:/home/adam/neo4j-community-2.0.0/system/lib/neo4j-browser-2.0.0.jar!/browser,AVAILABLE}
15:17:30.737 [main] INFO  o.e.j.server.handler.ContextHandler - Started o.e.j.s.ServletContextHandler@1b4f370a{/,null,AVAILABLE}
15:17:30.780 [main] INFO  o.e.jetty.server.ServerConnector - Started ServerConnector@209f43e6{HTTP/1.1}{localhost:7474}
15:17:31.233 [main] INFO  o.e.jetty.server.ServerConnector - Started ServerConnector@f502431{SSL-HTTP/1.1}{localhost:7473}
2014-09-08 22:17:31.239+0000 INFO  [API] Remote interface ready and available at [http://localhost:7474/]
2014-09-24 19:04:47.233+0000 INFO  [API] Neo4j Server shutdown initiated by request
12:04:47.274 [Thread-21] INFO  o.e.jetty.server.ServerConnector - Stopped ServerConnector@209f43e6{HTTP/1.1}{localhost:7474}
12:04:47.276 [Thread-21] INFO  o.e.jetty.server.ServerConnector - Stopped ServerConnector@f502431{SSL-HTTP/1.1}{localhost:7473}
12:04:47.280 [Thread-21] INFO  o.e.j.server.handler.ContextHandler - Stopped o.e.j.s.ServletContextHandler@1b4f370a{/,null,UNAVAILABLE}
12:04:47.289 [Thread-21] INFO  o.e.j.server.handler.ContextHandler - Stopped o.e.j.w.WebAppContext@3605435c{/browser,jar:file:/home/adam/neo4j-community-2.0.0/system/lib/neo4j-browser-2.0.0.jar!/browser,UNAVAILABLE}
12:04:47.292 [Thread-21] INFO  o.e.j.server.handler.ContextHandler - Stopped o.e.j.s.ServletContextHandler@1a295a3a{/db/data,null,UNAVAILABLE}
12:04:47.293 [Thread-21] INFO  o.e.j.server.handler.ContextHandler - Stopped o.e.j.s.ServletContextHandler@1ede71fe{/db/manage,null,UNAVAILABLE}
12:04:47.297 [Thread-21] INFO  o.e.j.server.handler.ContextHandler - Stopped o.e.j.w.WebAppContext@394b5b6e{/webadmin,jar:file:/home/adam/neo4j-community-2.0.0/system/lib/neo4j-server-2.0.0-static-web.jar!/webadmin-html,UNAVAILABLE}
12:04:47.297 [Thread-21] INFO  o.e.j.server.handler.ContextHandler - Stopped o.e.j.s.h.MovedContextHandler@581f9a8c{/,null,UNAVAILABLE}
2014-09-24 19:04:56.943+0000 DEBUG [API] You are using an unsupported Java runtime. Please use Oracle(R) Java(TM) Runtime Environment 7.
2014-09-24 19:04:57.287+0000 INFO  [API] Setting startup timeout to: 120000ms based on -1
12:04:57.491 [main] WARN  o.neo4j.kernel.EmbeddedGraphDatabase - You are using an unsupported Java runtime. Please use Oracle(R) Java(TM) Runtime Environment 7.
2014-09-24 19:04:59.671+0000 INFO  [API] Successfully started database
2014-09-24 19:05:00.384+0000 INFO  [API] Starting HTTP on port :7474 with 40 threads available
2014-09-24 19:05:00.654+0000 INFO  [API] Enabling HTTPS on port :7473
2014-09-24 19:05:00.848+0000 INFO  [API] Mounted discovery module at [/]
2014-09-24 19:05:00.858+0000 INFO  [API] Mounted REST API at [/db/data/]
2014-09-24 19:05:00.862+0000 INFO  [API] Mounted management API at [/db/manage/]
2014-09-24 19:05:00.864+0000 INFO  [API] Mounted webadmin at [/webadmin]
2014-09-24 19:05:00.865+0000 INFO  [API] Mounted Neo4j Browser at [/browser]
2014-09-24 19:05:00.975+0000 INFO  [API] Mounting static content at [/webadmin] from [webadmin-html]
2014-09-24 19:05:01.067+0000 INFO  [API] Mounting static content at [/browser] from [browser]
12:05:01.068 [main] WARN  o.e.j.server.handler.ContextHandler - o.e.j.s.ServletContextHandler@7fd73c51{/,null,null} contextPath ends with /
12:05:01.069 [main] WARN  o.e.j.server.handler.ContextHandler - Empty contextPath
12:05:01.071 [main] INFO  org.eclipse.jetty.server.Server - jetty-9.0.5.v20130815
12:05:01.104 [main] INFO  o.e.j.server.handler.ContextHandler - Started o.e.j.s.h.MovedContextHandler@6507457b{/,null,AVAILABLE}
12:05:01.247 [main] INFO  o.e.j.w.StandardDescriptorProcessor - NO JSP Support for /webadmin, did not find org.apache.jasper.servlet.JspServlet
12:05:01.266 [main] INFO  o.e.j.server.handler.ContextHandler - Started o.e.j.w.WebAppContext@4488b136{/webadmin,jar:file:/home/adam/neo4j-community-2.0.0/system/lib/neo4j-server-2.0.0-static-web.jar!/webadmin-html,AVAILABLE}
12:05:02.051 [main] INFO  o.e.j.server.handler.ContextHandler - Started o.e.j.s.ServletContextHandler@6ec9ffaa{/db/manage,null,AVAILABLE}
12:05:02.528 [main] INFO  o.e.j.server.handler.ContextHandler - Started o.e.j.s.ServletContextHandler@e0fadd2{/db/data,null,AVAILABLE}
12:05:02.558 [main] INFO  o.e.j.w.StandardDescriptorProcessor - NO JSP Support for /browser, did not find org.apache.jasper.servlet.JspServlet
12:05:02.560 [main] INFO  o.e.j.server.handler.ContextHandler - Started o.e.j.w.WebAppContext@6de72d24{/browser,jar:file:/home/adam/neo4j-community-2.0.0/system/lib/neo4j-browser-2.0.0.jar!/browser,AVAILABLE}
12:05:02.725 [main] INFO  o.e.j.server.handler.ContextHandler - Started o.e.j.s.ServletContextHandler@7fd73c51{/,null,AVAILABLE}
12:05:02.744 [main] INFO  o.e.jetty.server.ServerConnector - Started ServerConnector@513237fd{HTTP/1.1}{localhost:7474}
12:05:02.904 [main] INFO  o.e.jetty.server.ServerConnector - Started ServerConnector@7dcac222{SSL-HTTP/1.1}{localhost:7473}
2014-09-24 19:05:02.908+0000 INFO  [API] Remote interface ready and available at [http://localhost:7474/]
2014-09-29 23:16:05.069+0000 DEBUG [API] You are using an unsupported Java runtime. Please use Oracle(R) Java(TM) Runtime Environment 7.
2014-09-29 23:16:05.582+0000 INFO  [API] Setting startup timeout to: 120000ms based on -1
Detected incorrectly shut down database, performing recovery..
16:16:05.935 [main] WARN  o.neo4j.kernel.EmbeddedGraphDatabase - You are using an unsupported Java runtime. Please use Oracle(R) Java(TM) Runtime Environment 7.
2014-09-29 23:16:12.932+0000 INFO  [API] Successfully started database
2014-09-29 23:16:14.333+0000 INFO  [API] Starting HTTP on port :7474 with 40 threads available
2014-09-29 23:16:14.815+0000 INFO  [API] Enabling HTTPS on port :7473
2014-09-29 23:16:15.117+0000 INFO  [API] Mounted discovery module at [/]
2014-09-29 23:16:15.133+0000 INFO  [API] Mounted REST API at [/db/data/]
2014-09-29 23:16:15.141+0000 INFO  [API] Mounted management API at [/db/manage/]
2014-09-29 23:16:15.143+0000 INFO  [API] Mounted webadmin at [/webadmin]
2014-09-29 23:16:15.145+0000 INFO  [API] Mounted Neo4j Browser at [/browser]
2014-09-29 23:16:15.293+0000 INFO  [API] Mounting static content at [/webadmin] from [webadmin-html]
2014-09-29 23:16:15.448+0000 INFO  [API] Mounting static content at [/browser] from [browser]
16:16:15.450 [main] WARN  o.e.j.server.handler.ContextHandler - o.e.j.s.ServletContextHandler@34d2d480{/,null,null} contextPath ends with /
16:16:15.451 [main] WARN  o.e.j.server.handler.ContextHandler - Empty contextPath
16:16:15.456 [main] INFO  org.eclipse.jetty.server.Server - jetty-9.0.5.v20130815
16:16:15.514 [main] INFO  o.e.j.server.handler.ContextHandler - Started o.e.j.s.h.MovedContextHandler@199cd925{/,null,AVAILABLE}
16:16:15.807 [main] INFO  o.e.j.w.StandardDescriptorProcessor - NO JSP Support for /webadmin, did not find org.apache.jasper.servlet.JspServlet
16:16:15.837 [main] INFO  o.e.j.server.handler.ContextHandler - Started o.e.j.w.WebAppContext@10e3a27d{/webadmin,jar:file:/home/adam/neo4j-community-2.0.0/system/lib/neo4j-server-2.0.0-static-web.jar!/webadmin-html,AVAILABLE}
16:16:17.009 [main] INFO  o.e.j.server.handler.ContextHandler - Started o.e.j.s.ServletContextHandler@1379303c{/db/manage,null,AVAILABLE}
16:16:17.719 [main] INFO  o.e.j.server.handler.ContextHandler - Started o.e.j.s.ServletContextHandler@6b69b6a2{/db/data,null,AVAILABLE}
16:16:17.771 [main] INFO  o.e.j.w.StandardDescriptorProcessor - NO JSP Support for /browser, did not find org.apache.jasper.servlet.JspServlet
16:16:17.775 [main] INFO  o.e.j.server.handler.ContextHandler - Started o.e.j.w.WebAppContext@19b56307{/browser,jar:file:/home/adam/neo4j-community-2.0.0/system/lib/neo4j-browser-2.0.0.jar!/browser,AVAILABLE}
16:16:18.147 [main] INFO  o.e.j.server.handler.ContextHandler - Started o.e.j.s.ServletContextHandler@34d2d480{/,null,AVAILABLE}
16:16:18.178 [main] INFO  o.e.jetty.server.ServerConnector - Started ServerConnector@7025bd08{HTTP/1.1}{localhost:7474}
16:16:18.413 [main] INFO  o.e.jetty.server.ServerConnector - Started ServerConnector@47013128{SSL-HTTP/1.1}{localhost:7473}
2014-09-29 23:16:18.418+0000 INFO  [API] Remote interface ready and available at [http://localhost:7474/]
2014-10-16 20:23:46.749+0000 DEBUG [API] You are using an unsupported Java runtime. Please use Oracle(R) Java(TM) Runtime Environment 7.
2014-10-16 20:23:47.089+0000 INFO  [API] Setting startup timeout to: 120000ms based on -1
Detected incorrectly shut down database, performing recovery..
13:23:47.293 [main] WARN  o.neo4j.kernel.EmbeddedGraphDatabase - You are using an unsupported Java runtime. Please use Oracle(R) Java(TM) Runtime Environment 7.
2014-10-16 20:23:52.353+0000 INFO  [API] Successfully started database
2014-10-16 20:23:52.986+0000 INFO  [API] Starting HTTP on port :7474 with 40 threads available
2014-10-16 20:23:53.251+0000 INFO  [API] Enabling HTTPS on port :7473
2014-10-16 20:23:53.403+0000 INFO  [API] Mounted discovery module at [/]
2014-10-16 20:23:53.415+0000 INFO  [API] Mounted REST API at [/db/data/]
2014-10-16 20:23:53.419+0000 INFO  [API] Mounted management API at [/db/manage/]
2014-10-16 20:23:53.421+0000 INFO  [API] Mounted webadmin at [/webadmin]
2014-10-16 20:23:53.422+0000 INFO  [API] Mounted Neo4j Browser at [/browser]
2014-10-16 20:23:53.509+0000 INFO  [API] Mounting static content at [/webadmin] from [webadmin-html]
2014-10-16 20:23:53.583+0000 INFO  [API] Mounting static content at [/browser] from [browser]
13:23:53.584 [main] WARN  o.e.j.server.handler.ContextHandler - o.e.j.s.ServletContextHandler@34d2d480{/,null,null} contextPath ends with /
13:23:53.584 [main] WARN  o.e.j.server.handler.ContextHandler - Empty contextPath
13:23:53.587 [main] INFO  org.eclipse.jetty.server.Server - jetty-9.0.5.v20130815
13:23:53.613 [main] INFO  o.e.j.server.handler.ContextHandler - Started o.e.j.s.h.MovedContextHandler@cfc9124{/,null,AVAILABLE}
13:23:53.709 [main] INFO  o.e.j.w.StandardDescriptorProcessor - NO JSP Support for /webadmin, did not find org.apache.jasper.servlet.JspServlet
13:23:53.722 [main] INFO  o.e.j.server.handler.ContextHandler - Started o.e.j.w.WebAppContext@5884c50c{/webadmin,jar:file:/home/adam/neo4j-community-2.0.0/system/lib/neo4j-server-2.0.0-static-web.jar!/webadmin-html,AVAILABLE}
13:23:54.176 [main] INFO  o.e.j.server.handler.ContextHandler - Started o.e.j.s.ServletContextHandler@3e894e8e{/db/manage,null,AVAILABLE}
13:23:54.507 [main] INFO  o.e.j.server.handler.ContextHandler - Started o.e.j.s.ServletContextHandler@63822471{/db/data,null,AVAILABLE}
13:23:54.526 [main] INFO  o.e.j.w.StandardDescriptorProcessor - NO JSP Support for /browser, did not find org.apache.jasper.servlet.JspServlet
13:23:54.527 [main] INFO  o.e.j.server.handler.ContextHandler - Started o.e.j.w.WebAppContext@7897fe89{/browser,jar:file:/home/adam/neo4j-community-2.0.0/system/lib/neo4j-browser-2.0.0.jar!/browser,AVAILABLE}
13:23:54.621 [main] INFO  o.e.j.server.handler.ContextHandler - Started o.e.j.s.ServletContextHandler@34d2d480{/,null,AVAILABLE}
13:23:54.650 [main] INFO  o.e.jetty.server.ServerConnector - Started ServerConnector@776657b0{HTTP/1.1}{localhost:7474}
13:23:54.744 [main] INFO  o.e.jetty.server.ServerConnector - Started ServerConnector@15cbd4eb{SSL-HTTP/1.1}{localhost:7473}
2014-10-16 20:23:54.747+0000 INFO  [API] Remote interface ready and available at [http://localhost:7474/]
2014-10-27 10:56:57.130+0000 INFO  [API] Neo4j Server shutdown initiated by request
03:56:57.051 [Thread-24] INFO  o.e.jetty.server.ServerConnector - Stopped ServerConnector@776657b0{HTTP/1.1}{localhost:7474}
03:56:57.052 [Thread-24] INFO  o.e.jetty.server.ServerConnector - Stopped ServerConnector@15cbd4eb{SSL-HTTP/1.1}{localhost:7473}
03:56:57.056 [Thread-24] INFO  o.e.j.server.handler.ContextHandler - Stopped o.e.j.s.ServletContextHandler@34d2d480{/,null,UNAVAILABLE}
03:56:57.060 [Thread-24] INFO  o.e.j.server.handler.ContextHandler - Stopped o.e.j.w.WebAppContext@7897fe89{/browser,jar:file:/home/adam/neo4j-community-2.0.0/system/lib/neo4j-browser-2.0.0.jar!/browser,UNAVAILABLE}
03:56:57.061 [Thread-24] INFO  o.e.j.server.handler.ContextHandler - Stopped o.e.j.s.ServletContextHandler@63822471{/db/data,null,UNAVAILABLE}
03:56:57.061 [Thread-24] INFO  o.e.j.server.handler.ContextHandler - Stopped o.e.j.s.ServletContextHandler@3e894e8e{/db/manage,null,UNAVAILABLE}
03:56:57.065 [Thread-24] INFO  o.e.j.server.handler.ContextHandler - Stopped o.e.j.w.WebAppContext@5884c50c{/webadmin,jar:file:/home/adam/neo4j-community-2.0.0/system/lib/neo4j-server-2.0.0-static-web.jar!/webadmin-html,UNAVAILABLE}
03:56:57.065 [Thread-24] INFO  o.e.j.server.handler.ContextHandler - Stopped o.e.j.s.h.MovedContextHandler@cfc9124{/,null,UNAVAILABLE}
2014-11-03 22:18:28.032+0000 DEBUG [API] You are using an unsupported Java runtime. Please use Oracle(R) Java(TM) Runtime Environment 7.
2014-11-03 22:18:28.780+0000 INFO  [API] Setting startup timeout to: 120000ms based on -1
14:18:29.234 [main] WARN  o.neo4j.kernel.EmbeddedGraphDatabase - You are using an unsupported Java runtime. Please use Oracle(R) Java(TM) Runtime Environment 7.
2014-11-03 22:18:34.448+0000 INFO  [API] Successfully started database
2014-11-03 22:18:36.144+0000 INFO  [API] Starting HTTP on port :7474 with 40 threads available
2014-11-03 22:18:37.151+0000 INFO  [API] Enabling HTTPS on port :7473
2014-11-03 22:18:37.868+0000 INFO  [API] Mounted discovery module at [/]
2014-11-03 22:18:37.952+0000 INFO  [API] Mounted REST API at [/db/data/]
2014-11-03 22:18:37.975+0000 INFO  [API] Mounted management API at [/db/manage/]
2014-11-03 22:18:37.983+0000 INFO  [API] Mounted webadmin at [/webadmin]
2014-11-03 22:18:37.994+0000 INFO  [API] Mounted Neo4j Browser at [/browser]
2014-11-03 22:18:38.298+0000 INFO  [API] Mounting static content at [/webadmin] from [webadmin-html]
2014-11-03 22:18:38.609+0000 INFO  [API] Mounting static content at [/browser] from [browser]
14:18:38.651 [main] WARN  o.e.j.server.handler.ContextHandler - o.e.j.s.ServletContextHandler@df4a4e2{/,null,null} contextPath ends with /
14:18:38.656 [main] WARN  o.e.j.server.handler.ContextHandler - Empty contextPath
14:18:38.694 [main] INFO  org.eclipse.jetty.server.Server - jetty-9.0.5.v20130815
14:18:38.915 [main] INFO  o.e.j.server.handler.ContextHandler - Started o.e.j.s.h.MovedContextHandler@2393ad40{/,null,AVAILABLE}
14:18:39.685 [main] INFO  o.e.j.w.StandardDescriptorProcessor - NO JSP Support for /webadmin, did not find org.apache.jasper.servlet.JspServlet
14:18:39.830 [main] INFO  o.e.j.server.handler.ContextHandler - Started o.e.j.w.WebAppContext@6764807d{/webadmin,jar:file:/home/adam/neo4j-community-2.0.0/system/lib/neo4j-server-2.0.0-static-web.jar!/webadmin-html,AVAILABLE}
14:18:42.481 [main] INFO  o.e.j.server.handler.ContextHandler - Started o.e.j.s.ServletContextHandler@1c708972{/db/manage,null,AVAILABLE}
14:18:44.199 [main] INFO  o.e.j.server.handler.ContextHandler - Started o.e.j.s.ServletContextHandler@173c45ea{/db/data,null,AVAILABLE}
14:18:44.275 [main] INFO  o.e.j.w.StandardDescriptorProcessor - NO JSP Support for /browser, did not find org.apache.jasper.servlet.JspServlet
14:18:44.281 [main] INFO  o.e.j.server.handler.ContextHandler - Started o.e.j.w.WebAppContext@20449d82{/browser,jar:file:/home/adam/neo4j-community-2.0.0/system/lib/neo4j-browser-2.0.0.jar!/browser,AVAILABLE}
14:18:45.086 [main] INFO  o.e.j.server.handler.ContextHandler - Started o.e.j.s.ServletContextHandler@df4a4e2{/,null,AVAILABLE}
14:18:45.176 [main] INFO  o.e.jetty.server.ServerConnector - Started ServerConnector@6a40d73c{HTTP/1.1}{localhost:7474}
14:18:45.910 [main] INFO  o.e.jetty.server.ServerConnector - Started ServerConnector@5b1c9eb1{SSL-HTTP/1.1}{localhost:7473}
2014-11-03 22:18:45.958+0000 INFO  [API] Remote interface ready and available at [http://localhost:7474/]
2014-11-05 23:07:12.015+0000 INFO  [API] Available console sessions: SHELL: class org.neo4j.server.webadmin.console.ShellSessionCreator
CYPHER: class org.neo4j.server.webadmin.console.CypherSessionCreator

2014-11-13 23:32:30.737+0000 INFO  [API] Neo4j Server shutdown initiated by request
15:32:30.790 [Thread-19] INFO  o.e.jetty.server.ServerConnector - Stopped ServerConnector@6a40d73c{HTTP/1.1}{localhost:7474}
15:32:30.794 [Thread-19] INFO  o.e.jetty.server.ServerConnector - Stopped ServerConnector@5b1c9eb1{SSL-HTTP/1.1}{localhost:7473}
15:32:30.796 [Thread-19] INFO  o.e.j.server.handler.ContextHandler - Stopped o.e.j.s.ServletContextHandler@df4a4e2{/,null,UNAVAILABLE}
15:32:30.802 [Thread-19] INFO  o.e.j.server.handler.ContextHandler - Stopped o.e.j.w.WebAppContext@20449d82{/browser,jar:file:/home/adam/neo4j-community-2.0.0/system/lib/neo4j-browser-2.0.0.jar!/browser,UNAVAILABLE}
15:32:30.803 [Thread-19] INFO  o.e.j.server.handler.ContextHandler - Stopped o.e.j.s.ServletContextHandler@173c45ea{/db/data,null,UNAVAILABLE}
15:32:30.804 [Thread-19] INFO  o.e.j.server.handler.ContextHandler - Stopped o.e.j.s.ServletContextHandler@1c708972{/db/manage,null,UNAVAILABLE}
15:32:30.810 [Thread-19] INFO  o.e.j.server.handler.ContextHandler - Stopped o.e.j.w.WebAppContext@6764807d{/webadmin,jar:file:/home/adam/neo4j-community-2.0.0/system/lib/neo4j-server-2.0.0-static-web.jar!/webadmin-html,UNAVAILABLE}
15:32:30.811 [Thread-19] INFO  o.e.j.server.handler.ContextHandler - Stopped o.e.j.s.h.MovedContextHandler@2393ad40{/,null,UNAVAILABLE}
2014-11-14 00:23:56.797+0000 DEBUG [API] You are using an unsupported Java runtime. Please use Oracle(R) Java(TM) Runtime Environment 7.
2014-11-14 00:23:57.149+0000 INFO  [API] Setting startup timeout to: 120000ms based on -1
16:23:57.377 [main] WARN  o.neo4j.kernel.EmbeddedGraphDatabase - You are using an unsupported Java runtime. Please use Oracle(R) Java(TM) Runtime Environment 7.
2014-11-14 00:23:59.267+0000 INFO  [API] Successfully started database
2014-11-14 00:23:59.933+0000 INFO  [API] Starting HTTP on port :7474 with 40 threads available
2014-11-14 00:24:00.143+0000 INFO  [API] Enabling HTTPS on port :7473
2014-11-14 00:24:00.274+0000 INFO  [API] Mounted discovery module at [/]
2014-11-14 00:24:00.281+0000 INFO  [API] Mounted REST API at [/db/data/]
2014-11-14 00:24:00.283+0000 INFO  [API] Mounted management API at [/db/manage/]
2014-11-14 00:24:00.284+0000 INFO  [API] Mounted webadmin at [/webadmin]
2014-11-14 00:24:00.285+0000 INFO  [API] Mounted Neo4j Browser at [/browser]
2014-11-14 00:24:00.366+0000 INFO  [API] Mounting static content at [/webadmin] from [webadmin-html]
2014-11-14 00:24:00.438+0000 INFO  [API] Mounting static content at [/browser] from [browser]
16:24:00.440 [main] WARN  o.e.j.server.handler.ContextHandler - o.e.j.s.ServletContextHandler@6972062c{/,null,null} contextPath ends with /
16:24:00.440 [main] WARN  o.e.j.server.handler.ContextHandler - Empty contextPath
16:24:00.443 [main] INFO  org.eclipse.jetty.server.Server - jetty-9.0.5.v20130815
16:24:00.475 [main] INFO  o.e.j.server.handler.ContextHandler - Started o.e.j.s.h.MovedContextHandler@4b5f7bf{/,null,AVAILABLE}
16:24:00.586 [main] INFO  o.e.j.w.StandardDescriptorProcessor - NO JSP Support for /webadmin, did not find org.apache.jasper.servlet.JspServlet
16:24:00.603 [main] INFO  o.e.j.server.handler.ContextHandler - Started o.e.j.w.WebAppContext@3991da9{/webadmin,jar:file:/home/adam/neo4j-community-2.0.0/system/lib/neo4j-server-2.0.0-static-web.jar!/webadmin-html,AVAILABLE}
16:24:01.166 [main] INFO  o.e.j.server.handler.ContextHandler - Started o.e.j.s.ServletContextHandler@14123821{/db/manage,null,AVAILABLE}
16:24:01.512 [main] INFO  o.e.j.server.handler.ContextHandler - Started o.e.j.s.ServletContextHandler@65b4bd23{/db/data,null,AVAILABLE}
16:24:01.534 [main] INFO  o.e.j.w.StandardDescriptorProcessor - NO JSP Support for /browser, did not find org.apache.jasper.servlet.JspServlet
16:24:01.535 [main] INFO  o.e.j.server.handler.ContextHandler - Started o.e.j.w.WebAppContext@ede9641{/browser,jar:file:/home/adam/neo4j-community-2.0.0/system/lib/neo4j-browser-2.0.0.jar!/browser,AVAILABLE}
16:24:01.646 [main] INFO  o.e.j.server.handler.ContextHandler - Started o.e.j.s.ServletContextHandler@6972062c{/,null,AVAILABLE}
16:24:01.665 [main] INFO  o.e.jetty.server.ServerConnector - Started ServerConnector@31b98188{HTTP/1.1}{localhost:7474}
16:24:01.805 [main] INFO  o.e.jetty.server.ServerConnector - Started ServerConnector@432cf6ba{SSL-HTTP/1.1}{localhost:7473}
2014-11-14 00:24:01.807+0000 INFO  [API] Remote interface ready and available at [http://localhost:7474/]
2014-11-14 00:24:16.852+0000 INFO  [API] Available console sessions: SHELL: class org.neo4j.server.webadmin.console.ShellSessionCreator
CYPHER: class org.neo4j.server.webadmin.console.CypherSessionCreator

2014-11-14 22:35:33.651+0000 INFO  [API] Neo4j Server shutdown initiated by request
14:35:33.668 [Thread-19] INFO  o.e.jetty.server.ServerConnector - Stopped ServerConnector@31b98188{HTTP/1.1}{localhost:7474}
14:35:33.671 [Thread-19] INFO  o.e.jetty.server.ServerConnector - Stopped ServerConnector@432cf6ba{SSL-HTTP/1.1}{localhost:7473}
14:35:33.672 [Thread-19] INFO  o.e.j.server.handler.ContextHandler - Stopped o.e.j.s.ServletContextHandler@6972062c{/,null,UNAVAILABLE}
14:35:33.679 [Thread-19] INFO  o.e.j.server.handler.ContextHandler - Stopped o.e.j.w.WebAppContext@ede9641{/browser,jar:file:/home/adam/neo4j-community-2.0.0/system/lib/neo4j-browser-2.0.0.jar!/browser,UNAVAILABLE}
14:35:33.681 [Thread-19] INFO  o.e.j.server.handler.ContextHandler - Stopped o.e.j.s.ServletContextHandler@65b4bd23{/db/data,null,UNAVAILABLE}
14:35:33.681 [Thread-19] INFO  o.e.j.server.handler.ContextHandler - Stopped o.e.j.s.ServletContextHandler@14123821{/db/manage,null,UNAVAILABLE}
14:35:33.686 [Thread-19] INFO  o.e.j.server.handler.ContextHandler - Stopped o.e.j.w.WebAppContext@3991da9{/webadmin,jar:file:/home/adam/neo4j-community-2.0.0/system/lib/neo4j-server-2.0.0-static-web.jar!/webadmin-html,UNAVAILABLE}
14:35:33.686 [Thread-19] INFO  o.e.j.server.handler.ContextHandler - Stopped o.e.j.s.h.MovedContextHandler@4b5f7bf{/,null,UNAVAILABLE}
2014-11-14 22:35:53.247+0000 DEBUG [API] You are using an unsupported Java runtime. Please use Oracle(R) Java(TM) Runtime Environment 7.
2014-11-14 22:35:53.683+0000 INFO  [API] Setting startup timeout to: 120000ms based on -1
14:35:53.881 [main] WARN  o.neo4j.kernel.EmbeddedGraphDatabase - You are using an unsupported Java runtime. Please use Oracle(R) Java(TM) Runtime Environment 7.
2014-11-14 22:35:56.044+0000 INFO  [API] Successfully started database
2014-11-14 22:35:56.596+0000 INFO  [API] Starting HTTP on port :7474 with 40 threads available
2014-11-14 22:35:56.856+0000 INFO  [API] Enabling HTTPS on port :7473
2014-11-14 22:35:56.972+0000 INFO  [API] Mounted discovery module at [/]
2014-11-14 22:35:56.982+0000 INFO  [API] Mounted REST API at [/db/data/]
2014-11-14 22:35:56.986+0000 INFO  [API] Mounted management API at [/db/manage/]
2014-11-14 22:35:56.987+0000 INFO  [API] Mounted webadmin at [/webadmin]
2014-11-14 22:35:56.987+0000 INFO  [API] Mounted Neo4j Browser at [/browser]
2014-11-14 22:35:57.062+0000 INFO  [API] Mounting static content at [/webadmin] from [webadmin-html]
2014-11-14 22:35:57.172+0000 INFO  [API] Mounting static content at [/browser] from [browser]
14:35:57.174 [main] WARN  o.e.j.server.handler.ContextHandler - o.e.j.s.ServletContextHandler@5e487c00{/,null,null} contextPath ends with /
14:35:57.174 [main] WARN  o.e.j.server.handler.ContextHandler - Empty contextPath
14:35:57.178 [main] INFO  org.eclipse.jetty.server.Server - jetty-9.0.5.v20130815
14:35:57.240 [main] INFO  o.e.j.server.handler.ContextHandler - Started o.e.j.s.h.MovedContextHandler@5cbcedef{/,null,AVAILABLE}
14:35:57.366 [main] INFO  o.e.j.w.StandardDescriptorProcessor - NO JSP Support for /webadmin, did not find org.apache.jasper.servlet.JspServlet
14:35:57.385 [main] INFO  o.e.j.server.handler.ContextHandler - Started o.e.j.w.WebAppContext@629c348e{/webadmin,jar:file:/home/adam/neo4j-community-2.0.0/system/lib/neo4j-server-2.0.0-static-web.jar!/webadmin-html,AVAILABLE}
14:35:58.142 [main] INFO  o.e.j.server.handler.ContextHandler - Started o.e.j.s.ServletContextHandler@7f847be3{/db/manage,null,AVAILABLE}
14:35:58.603 [main] INFO  o.e.j.server.handler.ContextHandler - Started o.e.j.s.ServletContextHandler@66388146{/db/data,null,AVAILABLE}
14:35:58.643 [main] INFO  o.e.j.w.StandardDescriptorProcessor - NO JSP Support for /browser, did not find org.apache.jasper.servlet.JspServlet
14:35:58.646 [main] INFO  o.e.j.server.handler.ContextHandler - Started o.e.j.w.WebAppContext@59f66867{/browser,jar:file:/home/adam/neo4j-community-2.0.0/system/lib/neo4j-browser-2.0.0.jar!/browser,AVAILABLE}
14:35:58.814 [main] INFO  o.e.j.server.handler.ContextHandler - Started o.e.j.s.ServletContextHandler@5e487c00{/,null,AVAILABLE}
14:35:58.831 [main] INFO  o.e.jetty.server.ServerConnector - Started ServerConnector@33639697{HTTP/1.1}{localhost:7474}
14:35:58.840 [main] WARN  o.e.j.u.component.AbstractLifeCycle - FAILED ServerConnector@5d1316be{SSL-HTTP/1.1}{localhost:7473}: java.net.BindException: Address already in use
java.net.BindException: Address already in use
	at sun.nio.ch.Net.bind0(Native Method) ~[na:1.7.0_65]
	at sun.nio.ch.Net.bind(Net.java:444) ~[na:1.7.0_65]
	at sun.nio.ch.Net.bind(Net.java:436) ~[na:1.7.0_65]
	at sun.nio.ch.ServerSocketChannelImpl.bind(ServerSocketChannelImpl.java:214) ~[na:1.7.0_65]
	at sun.nio.ch.ServerSocketAdaptor.bind(ServerSocketAdaptor.java:74) ~[na:1.7.0_65]
	at org.eclipse.jetty.server.ServerConnector.open(ServerConnector.java:244) ~[jetty-server-9.0.5.v20130815.jar:9.0.5.v20130815]
	at org.eclipse.jetty.server.AbstractNetworkConnector.doStart(AbstractNetworkConnector.java:80) ~[jetty-server-9.0.5.v20130815.jar:9.0.5.v20130815]
	at org.eclipse.jetty.util.component.AbstractLifeCycle.start(AbstractLifeCycle.java:69) [jetty-util-9.0.5.v20130815.jar:9.0.5.v20130815]
	at org.eclipse.jetty.server.Server.doStart(Server.java:303) [jetty-server-9.0.5.v20130815.jar:9.0.5.v20130815]
	at org.eclipse.jetty.util.component.AbstractLifeCycle.start(AbstractLifeCycle.java:69) [jetty-util-9.0.5.v20130815.jar:9.0.5.v20130815]
	at org.neo4j.server.web.Jetty9WebServer.startJetty(Jetty9WebServer.java:349) [neo4j-server-2.0.0.jar:2.0.0]
	at org.neo4j.server.web.Jetty9WebServer.start(Jetty9WebServer.java:172) [neo4j-server-2.0.0.jar:2.0.0]
	at org.neo4j.server.AbstractNeoServer.startWebServer(AbstractNeoServer.java:391) [neo4j-server-2.0.0.jar:2.0.0]
	at org.neo4j.server.AbstractNeoServer.start(AbstractNeoServer.java:176) [neo4j-server-2.0.0.jar:2.0.0]
	at org.neo4j.server.Bootstrapper.start(Bootstrapper.java:87) [neo4j-server-2.0.0.jar:2.0.0]
	at org.neo4j.server.Bootstrapper.main(Bootstrapper.java:50) [neo4j-server-2.0.0.jar:2.0.0]
14:35:58.842 [main] WARN  o.e.j.u.component.AbstractLifeCycle - FAILED org.eclipse.jetty.server.Server@2c51cba8: java.net.BindException: Address already in use
java.net.BindException: Address already in use
	at sun.nio.ch.Net.bind0(Native Method) ~[na:1.7.0_65]
	at sun.nio.ch.Net.bind(Net.java:444) ~[na:1.7.0_65]
	at sun.nio.ch.Net.bind(Net.java:436) ~[na:1.7.0_65]
	at sun.nio.ch.ServerSocketChannelImpl.bind(ServerSocketChannelImpl.java:214) ~[na:1.7.0_65]
	at sun.nio.ch.ServerSocketAdaptor.bind(ServerSocketAdaptor.java:74) ~[na:1.7.0_65]
	at org.eclipse.jetty.server.ServerConnector.open(ServerConnector.java:244) ~[jetty-server-9.0.5.v20130815.jar:9.0.5.v20130815]
	at org.eclipse.jetty.server.AbstractNetworkConnector.doStart(AbstractNetworkConnector.java:80) ~[jetty-server-9.0.5.v20130815.jar:9.0.5.v20130815]
	at org.eclipse.jetty.util.component.AbstractLifeCycle.start(AbstractLifeCycle.java:69) ~[jetty-util-9.0.5.v20130815.jar:9.0.5.v20130815]
	at org.eclipse.jetty.server.Server.doStart(Server.java:303) ~[jetty-server-9.0.5.v20130815.jar:9.0.5.v20130815]
	at org.eclipse.jetty.util.component.AbstractLifeCycle.start(AbstractLifeCycle.java:69) ~[jetty-util-9.0.5.v20130815.jar:9.0.5.v20130815]
	at org.neo4j.server.web.Jetty9WebServer.startJetty(Jetty9WebServer.java:349) [neo4j-server-2.0.0.jar:2.0.0]
	at org.neo4j.server.web.Jetty9WebServer.start(Jetty9WebServer.java:172) [neo4j-server-2.0.0.jar:2.0.0]
	at org.neo4j.server.AbstractNeoServer.startWebServer(AbstractNeoServer.java:391) [neo4j-server-2.0.0.jar:2.0.0]
	at org.neo4j.server.AbstractNeoServer.start(AbstractNeoServer.java:176) [neo4j-server-2.0.0.jar:2.0.0]
	at org.neo4j.server.Bootstrapper.start(Bootstrapper.java:87) [neo4j-server-2.0.0.jar:2.0.0]
	at org.neo4j.server.Bootstrapper.main(Bootstrapper.java:50) [neo4j-server-2.0.0.jar:2.0.0]
2014-11-14 22:35:58.844+0000 DEBUG [API] Failed to start Neo Server on port [7474], reason [java.net.BindException: Address already in use]
2014-11-14 22:35:58.849+0000 DEBUG [API] 
org.neo4j.server.ServerStartupException: Starting Neo4j Server failed: java.net.BindException: Address already in use
	at org.neo4j.server.AbstractNeoServer.start(AbstractNeoServer.java:209) ~[neo4j-server-2.0.0.jar:2.0.0]
	at org.neo4j.server.Bootstrapper.start(Bootstrapper.java:87) [neo4j-server-2.0.0.jar:2.0.0]
	at org.neo4j.server.Bootstrapper.main(Bootstrapper.java:50) [neo4j-server-2.0.0.jar:2.0.0]
Caused by: java.lang.RuntimeException: java.net.BindException: Address already in use
	at org.neo4j.server.web.Jetty9WebServer.startJetty(Jetty9WebServer.java:353) ~[neo4j-server-2.0.0.jar:2.0.0]
	at org.neo4j.server.web.Jetty9WebServer.start(Jetty9WebServer.java:172) ~[neo4j-server-2.0.0.jar:2.0.0]
	at org.neo4j.server.AbstractNeoServer.startWebServer(AbstractNeoServer.java:391) ~[neo4j-server-2.0.0.jar:2.0.0]
	at org.neo4j.server.AbstractNeoServer.start(AbstractNeoServer.java:176) ~[neo4j-server-2.0.0.jar:2.0.0]
	... 2 common frames omitted
Caused by: java.net.BindException: Address already in use
	at sun.nio.ch.Net.bind0(Native Method) ~[na:1.7.0_65]
	at sun.nio.ch.Net.bind(Net.java:444) ~[na:1.7.0_65]
	at sun.nio.ch.Net.bind(Net.java:436) ~[na:1.7.0_65]
	at sun.nio.ch.ServerSocketChannelImpl.bind(ServerSocketChannelImpl.java:214) ~[na:1.7.0_65]
	at sun.nio.ch.ServerSocketAdaptor.bind(ServerSocketAdaptor.java:74) ~[na:1.7.0_65]
	at org.eclipse.jetty.server.ServerConnector.open(ServerConnector.java:244) ~[jetty-server-9.0.5.v20130815.jar:9.0.5.v20130815]
	at org.eclipse.jetty.server.AbstractNetworkConnector.doStart(AbstractNetworkConnector.java:80) ~[jetty-server-9.0.5.v20130815.jar:9.0.5.v20130815]
	at org.eclipse.jetty.util.component.AbstractLifeCycle.start(AbstractLifeCycle.java:69) ~[jetty-util-9.0.5.v20130815.jar:9.0.5.v20130815]
	at org.eclipse.jetty.server.Server.doStart(Server.java:303) ~[jetty-server-9.0.5.v20130815.jar:9.0.5.v20130815]
	at org.eclipse.jetty.util.component.AbstractLifeCycle.start(AbstractLifeCycle.java:69) ~[jetty-util-9.0.5.v20130815.jar:9.0.5.v20130815]
	at org.neo4j.server.web.Jetty9WebServer.startJetty(Jetty9WebServer.java:349) ~[neo4j-server-2.0.0.jar:2.0.0]
	... 5 common frames omitted
2014-11-14 22:35:58.852+0000 DEBUG [API] Failed to start Neo Server on port [7474]
2014-11-17 22:00:35.105+0000 DEBUG [API] You are using an unsupported Java runtime. Please use Oracle(R) Java(TM) Runtime Environment 7.
2014-11-17 22:00:35.626+0000 INFO  [API] Setting startup timeout to: 120000ms based on -1
Detected incorrectly shut down database, performing recovery..
14:00:35.965 [main] WARN  o.neo4j.kernel.EmbeddedGraphDatabase - You are using an unsupported Java runtime. Please use Oracle(R) Java(TM) Runtime Environment 7.
2014-11-17 22:00:42.527+0000 INFO  [API] Successfully started database
2014-11-17 22:00:43.704+0000 INFO  [API] Starting HTTP on port :7474 with 40 threads available
2014-11-17 22:00:44.164+0000 INFO  [API] Enabling HTTPS on port :7473
2014-11-17 22:00:44.428+0000 INFO  [API] Mounted discovery module at [/]
2014-11-17 22:00:44.445+0000 INFO  [API] Mounted REST API at [/db/data/]
2014-11-17 22:00:44.453+0000 INFO  [API] Mounted management API at [/db/manage/]
2014-11-17 22:00:44.455+0000 INFO  [API] Mounted webadmin at [/webadmin]
2014-11-17 22:00:44.456+0000 INFO  [API] Mounted Neo4j Browser at [/browser]
2014-11-17 22:00:44.655+0000 INFO  [API] Mounting static content at [/webadmin] from [webadmin-html]
2014-11-17 22:00:44.852+0000 INFO  [API] Mounting static content at [/browser] from [browser]
14:00:44.854 [main] WARN  o.e.j.server.handler.ContextHandler - o.e.j.s.ServletContextHandler@127a67a0{/,null,null} contextPath ends with /
14:00:44.855 [main] WARN  o.e.j.server.handler.ContextHandler - Empty contextPath
14:00:44.863 [main] INFO  org.eclipse.jetty.server.Server - jetty-9.0.5.v20130815
14:00:44.935 [main] INFO  o.e.j.server.handler.ContextHandler - Started o.e.j.s.h.MovedContextHandler@4b7185e8{/,null,AVAILABLE}
14:00:45.178 [main] INFO  o.e.j.w.StandardDescriptorProcessor - NO JSP Support for /webadmin, did not find org.apache.jasper.servlet.JspServlet
14:00:45.206 [main] INFO  o.e.j.server.handler.ContextHandler - Started o.e.j.w.WebAppContext@157a9ced{/webadmin,jar:file:/home/adam/neo4j-community-2.0.0/system/lib/neo4j-server-2.0.0-static-web.jar!/webadmin-html,AVAILABLE}
14:00:46.450 [main] INFO  o.e.j.server.handler.ContextHandler - Started o.e.j.s.ServletContextHandler@3f6f10fa{/db/manage,null,AVAILABLE}
14:00:47.157 [main] INFO  o.e.j.server.handler.ContextHandler - Started o.e.j.s.ServletContextHandler@28b123ce{/db/data,null,AVAILABLE}
14:00:47.195 [main] INFO  o.e.j.w.StandardDescriptorProcessor - NO JSP Support for /browser, did not find org.apache.jasper.servlet.JspServlet
14:00:47.198 [main] INFO  o.e.j.server.handler.ContextHandler - Started o.e.j.w.WebAppContext@72a859c7{/browser,jar:file:/home/adam/neo4j-community-2.0.0/system/lib/neo4j-browser-2.0.0.jar!/browser,AVAILABLE}
14:00:47.451 [main] INFO  o.e.j.server.handler.ContextHandler - Started o.e.j.s.ServletContextHandler@127a67a0{/,null,AVAILABLE}
14:00:47.481 [main] INFO  o.e.jetty.server.ServerConnector - Started ServerConnector@53039bb7{HTTP/1.1}{localhost:7474}
14:00:47.756 [main] INFO  o.e.jetty.server.ServerConnector - Started ServerConnector@204461a2{SSL-HTTP/1.1}{localhost:7473}
2014-11-17 22:00:47.762+0000 INFO  [API] Remote interface ready and available at [http://localhost:7474/]
2014-11-17 23:49:56.168+0000 INFO  [API] Neo4j Server shutdown initiated by request
15:49:56.180 [Thread-20] INFO  o.e.jetty.server.ServerConnector - Stopped ServerConnector@53039bb7{HTTP/1.1}{localhost:7474}
15:49:56.182 [Thread-20] INFO  o.e.jetty.server.ServerConnector - Stopped ServerConnector@204461a2{SSL-HTTP/1.1}{localhost:7473}
15:49:56.182 [Thread-20] INFO  o.e.j.server.handler.ContextHandler - Stopped o.e.j.s.ServletContextHandler@127a67a0{/,null,UNAVAILABLE}
15:49:56.185 [Thread-20] INFO  o.e.j.server.handler.ContextHandler - Stopped o.e.j.w.WebAppContext@72a859c7{/browser,jar:file:/home/adam/neo4j-community-2.0.0/system/lib/neo4j-browser-2.0.0.jar!/browser,UNAVAILABLE}
15:49:56.185 [Thread-20] INFO  o.e.j.server.handler.ContextHandler - Stopped o.e.j.s.ServletContextHandler@28b123ce{/db/data,null,UNAVAILABLE}
15:49:56.186 [Thread-20] INFO  o.e.j.server.handler.ContextHandler - Stopped o.e.j.s.ServletContextHandler@3f6f10fa{/db/manage,null,UNAVAILABLE}
15:49:56.187 [Thread-20] INFO  o.e.j.server.handler.ContextHandler - Stopped o.e.j.w.WebAppContext@157a9ced{/webadmin,jar:file:/home/adam/neo4j-community-2.0.0/system/lib/neo4j-server-2.0.0-static-web.jar!/webadmin-html,UNAVAILABLE}
15:49:56.187 [Thread-20] INFO  o.e.j.server.handler.ContextHandler - Stopped o.e.j.s.h.MovedContextHandler@4b7185e8{/,null,UNAVAILABLE}
2014-11-19 21:42:01.651+0000 DEBUG [API] You are using an unsupported Java runtime. Please use Oracle(R) Java(TM) Runtime Environment 7.
2014-11-19 21:42:01.972+0000 INFO  [API] Setting startup timeout to: 120000ms based on -1
13:42:02.162 [main] WARN  o.neo4j.kernel.EmbeddedGraphDatabase - You are using an unsupported Java runtime. Please use Oracle(R) Java(TM) Runtime Environment 7.
2014-11-19 21:42:05.058+0000 INFO  [API] Successfully started database
2014-11-19 21:42:05.773+0000 INFO  [API] Starting HTTP on port :7373 with 40 threads available
2014-11-19 21:42:06.019+0000 INFO  [API] Enabling HTTPS on port :7473
2014-11-19 21:42:06.148+0000 INFO  [API] Mounted discovery module at [/]
2014-11-19 21:42:06.158+0000 INFO  [API] Mounted REST API at [/db/data/]
2014-11-19 21:42:06.162+0000 INFO  [API] Mounted management API at [/db/manage/]
2014-11-19 21:42:06.163+0000 INFO  [API] Mounted webadmin at [/webadmin]
2014-11-19 21:42:06.164+0000 INFO  [API] Mounted Neo4j Browser at [/browser]
2014-11-19 21:42:06.274+0000 INFO  [API] Mounting static content at [/webadmin] from [webadmin-html]
2014-11-19 21:42:06.357+0000 INFO  [API] Mounting static content at [/browser] from [browser]
13:42:06.359 [main] WARN  o.e.j.server.handler.ContextHandler - o.e.j.s.ServletContextHandler@6ce807b0{/,null,null} contextPath ends with /
13:42:06.359 [main] WARN  o.e.j.server.handler.ContextHandler - Empty contextPath
13:42:06.362 [main] INFO  org.eclipse.jetty.server.Server - jetty-9.0.5.v20130815
13:42:06.398 [main] INFO  o.e.j.server.handler.ContextHandler - Started o.e.j.s.h.MovedContextHandler@6add646d{/,null,AVAILABLE}
13:42:06.522 [main] INFO  o.e.j.w.StandardDescriptorProcessor - NO JSP Support for /webadmin, did not find org.apache.jasper.servlet.JspServlet
13:42:06.534 [main] INFO  o.e.j.server.handler.ContextHandler - Started o.e.j.w.WebAppContext@185accba{/webadmin,jar:file:/home/adam/neo-test/system/lib/neo4j-server-2.0.0-static-web.jar!/webadmin-html,AVAILABLE}
13:42:07.066 [main] INFO  o.e.j.server.handler.ContextHandler - Started o.e.j.s.ServletContextHandler@66b204ef{/db/manage,null,AVAILABLE}
13:42:07.416 [main] INFO  o.e.j.server.handler.ContextHandler - Started o.e.j.s.ServletContextHandler@2ab43408{/db/data,null,AVAILABLE}
13:42:07.435 [main] INFO  o.e.j.w.StandardDescriptorProcessor - NO JSP Support for /browser, did not find org.apache.jasper.servlet.JspServlet
13:42:07.436 [main] INFO  o.e.j.server.handler.ContextHandler - Started o.e.j.w.WebAppContext@213ef7c4{/browser,jar:file:/home/adam/neo-test/system/lib/neo4j-browser-2.0.0.jar!/browser,AVAILABLE}
13:42:07.536 [main] INFO  o.e.j.server.handler.ContextHandler - Started o.e.j.s.ServletContextHandler@6ce807b0{/,null,AVAILABLE}
13:42:07.558 [main] INFO  o.e.jetty.server.ServerConnector - Started ServerConnector@4f426afe{HTTP/1.1}{localhost:7373}
13:42:07.698 [main] INFO  o.e.jetty.server.ServerConnector - Started ServerConnector@31fd8f36{SSL-HTTP/1.1}{localhost:7473}
2014-11-19 21:42:07.700+0000 INFO  [API] Remote interface ready and available at [http://localhost:7373/]
2014-11-19 22:14:53.428+0000 INFO  [API] Neo4j Server shutdown initiated by request
14:14:53.451 [Thread-22] INFO  o.e.jetty.server.ServerConnector - Stopped ServerConnector@4f426afe{HTTP/1.1}{localhost:7373}
14:14:53.453 [Thread-22] INFO  o.e.jetty.server.ServerConnector - Stopped ServerConnector@31fd8f36{SSL-HTTP/1.1}{localhost:7473}
14:14:53.455 [Thread-22] INFO  o.e.j.server.handler.ContextHandler - Stopped o.e.j.s.ServletContextHandler@6ce807b0{/,null,UNAVAILABLE}
14:14:53.459 [Thread-22] INFO  o.e.j.server.handler.ContextHandler - Stopped o.e.j.w.WebAppContext@213ef7c4{/browser,jar:file:/home/adam/neo-test/system/lib/neo4j-browser-2.0.0.jar!/browser,UNAVAILABLE}
14:14:53.460 [Thread-22] INFO  o.e.j.server.handler.ContextHandler - Stopped o.e.j.s.ServletContextHandler@2ab43408{/db/data,null,UNAVAILABLE}
14:14:53.461 [Thread-22] INFO  o.e.j.server.handler.ContextHandler - Stopped o.e.j.s.ServletContextHandler@66b204ef{/db/manage,null,UNAVAILABLE}
14:14:53.465 [Thread-22] INFO  o.e.j.server.handler.ContextHandler - Stopped o.e.j.w.WebAppContext@185accba{/webadmin,jar:file:/home/adam/neo-test/system/lib/neo4j-server-2.0.0-static-web.jar!/webadmin-html,UNAVAILABLE}
14:14:53.466 [Thread-22] INFO  o.e.j.server.handler.ContextHandler - Stopped o.e.j.s.h.MovedContextHandler@6add646d{/,null,UNAVAILABLE}
2014-11-19 22:15:07.278+0000 DEBUG [API] You are using an unsupported Java runtime. Please use Oracle(R) Java(TM) Runtime Environment 7.
2014-11-19 22:15:07.616+0000 INFO  [API] Setting startup timeout to: 120000ms based on -1
14:15:07.755 [main] WARN  o.neo4j.kernel.EmbeddedGraphDatabase - You are using an unsupported Java runtime. Please use Oracle(R) Java(TM) Runtime Environment 7.
2014-11-19 22:15:09.244+0000 INFO  [API] Successfully started database
2014-11-19 22:15:09.673+0000 INFO  [API] Starting HTTP on port :7373 with 40 threads available
2014-11-19 22:15:09.855+0000 INFO  [API] Enabling HTTPS on port :7473
2014-11-19 22:15:10.065+0000 INFO  [API] Mounted discovery module at [/]
2014-11-19 22:15:10.073+0000 INFO  [API] Mounted REST API at [/db/data/]
2014-11-19 22:15:10.076+0000 INFO  [API] Mounted management API at [/db/manage/]
2014-11-19 22:15:10.077+0000 INFO  [API] Mounted webadmin at [/webadmin]
2014-11-19 22:15:10.078+0000 INFO  [API] Mounted Neo4j Browser at [/browser]
2014-11-19 22:15:10.139+0000 INFO  [API] Mounting static content at [/webadmin] from [webadmin-html]
2014-11-19 22:15:10.187+0000 INFO  [API] Mounting static content at [/browser] from [browser]
14:15:10.188 [main] WARN  o.e.j.server.handler.ContextHandler - o.e.j.s.ServletContextHandler@227ec5dd{/,null,null} contextPath ends with /
14:15:10.188 [main] WARN  o.e.j.server.handler.ContextHandler - Empty contextPath
14:15:10.190 [main] INFO  org.eclipse.jetty.server.Server - jetty-9.0.5.v20130815
14:15:10.216 [main] INFO  o.e.j.server.handler.ContextHandler - Started o.e.j.s.h.MovedContextHandler@61cf692a{/,null,AVAILABLE}
14:15:10.329 [main] INFO  o.e.j.w.StandardDescriptorProcessor - NO JSP Support for /webadmin, did not find org.apache.jasper.servlet.JspServlet
14:15:10.355 [main] INFO  o.e.j.server.handler.ContextHandler - Started o.e.j.w.WebAppContext@6062f3d4{/webadmin,jar:file:/home/adam/git/neo4j-test-server/system/lib/neo4j-server-2.0.0-static-web.jar!/webadmin-html,AVAILABLE}
14:15:10.880 [main] INFO  o.e.j.server.handler.ContextHandler - Started o.e.j.s.ServletContextHandler@6a37e4db{/db/manage,null,AVAILABLE}
14:15:11.193 [main] INFO  o.e.j.server.handler.ContextHandler - Started o.e.j.s.ServletContextHandler@2236df55{/db/data,null,AVAILABLE}
14:15:11.217 [main] INFO  o.e.j.w.StandardDescriptorProcessor - NO JSP Support for /browser, did not find org.apache.jasper.servlet.JspServlet
14:15:11.218 [main] INFO  o.e.j.server.handler.ContextHandler - Started o.e.j.w.WebAppContext@6842e1fc{/browser,jar:file:/home/adam/git/neo4j-test-server/system/lib/neo4j-browser-2.0.0.jar!/browser,AVAILABLE}
14:15:11.377 [main] INFO  o.e.j.server.handler.ContextHandler - Started o.e.j.s.ServletContextHandler@227ec5dd{/,null,AVAILABLE}
14:15:11.393 [main] INFO  o.e.jetty.server.ServerConnector - Started ServerConnector@780c4520{HTTP/1.1}{localhost:7373}
14:15:11.535 [main] INFO  o.e.jetty.server.ServerConnector - Started ServerConnector@3efa8de9{SSL-HTTP/1.1}{localhost:7473}
2014-11-19 22:15:11.537+0000 INFO  [API] Remote interface ready and available at [http://localhost:7373/]
2014-11-19 22:16:32.215+0000 INFO  [API] Neo4j Server shutdown initiated by request
14:16:32.220 [Thread-22] INFO  o.e.jetty.server.ServerConnector - Stopped ServerConnector@780c4520{HTTP/1.1}{localhost:7373}
14:16:32.221 [Thread-22] INFO  o.e.jetty.server.ServerConnector - Stopped ServerConnector@3efa8de9{SSL-HTTP/1.1}{localhost:7473}
14:16:32.222 [Thread-22] INFO  o.e.j.server.handler.ContextHandler - Stopped o.e.j.s.ServletContextHandler@227ec5dd{/,null,UNAVAILABLE}
14:16:32.223 [Thread-22] INFO  o.e.j.server.handler.ContextHandler - Stopped o.e.j.w.WebAppContext@6842e1fc{/browser,jar:file:/home/adam/git/neo4j-test-server/system/lib/neo4j-browser-2.0.0.jar!/browser,UNAVAILABLE}
14:16:32.224 [Thread-22] INFO  o.e.j.server.handler.ContextHandler - Stopped o.e.j.s.ServletContextHandler@2236df55{/db/data,null,UNAVAILABLE}
14:16:32.224 [Thread-22] INFO  o.e.j.server.handler.ContextHandler - Stopped o.e.j.s.ServletContextHandler@6a37e4db{/db/manage,null,UNAVAILABLE}
14:16:32.225 [Thread-22] INFO  o.e.j.server.handler.ContextHandler - Stopped o.e.j.w.WebAppContext@6062f3d4{/webadmin,jar:file:/home/adam/git/neo4j-test-server/system/lib/neo4j-server-2.0.0-static-web.jar!/webadmin-html,UNAVAILABLE}
14:16:32.225 [Thread-22] INFO  o.e.j.server.handler.ContextHandler - Stopped o.e.j.s.h.MovedContextHandler@61cf692a{/,null,UNAVAILABLE}
2014-11-19 22:16:35.132+0000 DEBUG [API] You are using an unsupported Java runtime. Please use Oracle(R) Java(TM) Runtime Environment 7.
2014-11-19 22:16:35.414+0000 INFO  [API] Setting startup timeout to: 120000ms based on -1
14:16:35.574 [main] WARN  o.neo4j.kernel.EmbeddedGraphDatabase - You are using an unsupported Java runtime. Please use Oracle(R) Java(TM) Runtime Environment 7.
2014-11-19 22:16:36.983+0000 INFO  [API] Successfully started database
2014-11-19 22:16:37.385+0000 INFO  [API] Starting HTTP on port :7373 with 40 threads available
2014-11-19 22:16:37.577+0000 INFO  [API] Enabling HTTPS on port :7473
2014-11-19 22:16:37.741+0000 INFO  [API] Mounted discovery module at [/]
2014-11-19 22:16:37.751+0000 INFO  [API] Mounted REST API at [/db/data/]
2014-11-19 22:16:37.755+0000 INFO  [API] Mounted management API at [/db/manage/]
2014-11-19 22:16:37.756+0000 INFO  [API] Mounted webadmin at [/webadmin]
2014-11-19 22:16:37.757+0000 INFO  [API] Mounted Neo4j Browser at [/browser]
2014-11-19 22:16:37.813+0000 INFO  [API] Mounting static content at [/webadmin] from [webadmin-html]
2014-11-19 22:16:37.871+0000 INFO  [API] Mounting static content at [/browser] from [browser]
14:16:37.872 [main] WARN  o.e.j.server.handler.ContextHandler - o.e.j.s.ServletContextHandler@6d73eb9d{/,null,null} contextPath ends with /
14:16:37.872 [main] WARN  o.e.j.server.handler.ContextHandler - Empty contextPath
14:16:37.874 [main] INFO  org.eclipse.jetty.server.Server - jetty-9.0.5.v20130815
14:16:37.904 [main] INFO  o.e.j.server.handler.ContextHandler - Started o.e.j.s.h.MovedContextHandler@280f257d{/,null,AVAILABLE}
14:16:38.037 [main] INFO  o.e.j.w.StandardDescriptorProcessor - NO JSP Support for /webadmin, did not find org.apache.jasper.servlet.JspServlet
14:16:38.049 [main] INFO  o.e.j.server.handler.ContextHandler - Started o.e.j.w.WebAppContext@4f7626f8{/webadmin,jar:file:/home/adam/git/neo4j-test-server/system/lib/neo4j-server-2.0.0-static-web.jar!/webadmin-html,AVAILABLE}
14:16:38.564 [main] INFO  o.e.j.server.handler.ContextHandler - Started o.e.j.s.ServletContextHandler@59bf5c8e{/db/manage,null,AVAILABLE}
14:16:38.853 [main] INFO  o.e.j.server.handler.ContextHandler - Started o.e.j.s.ServletContextHandler@2f5fddb7{/db/data,null,AVAILABLE}
14:16:38.874 [main] INFO  o.e.j.w.StandardDescriptorProcessor - NO JSP Support for /browser, did not find org.apache.jasper.servlet.JspServlet
14:16:38.875 [main] INFO  o.e.j.server.handler.ContextHandler - Started o.e.j.w.WebAppContext@123c668d{/browser,jar:file:/home/adam/git/neo4j-test-server/system/lib/neo4j-browser-2.0.0.jar!/browser,AVAILABLE}
14:16:39.017 [main] INFO  o.e.j.server.handler.ContextHandler - Started o.e.j.s.ServletContextHandler@6d73eb9d{/,null,AVAILABLE}
14:16:39.028 [main] INFO  o.e.jetty.server.ServerConnector - Started ServerConnector@604d5a55{HTTP/1.1}{localhost:7373}
14:16:39.183 [main] INFO  o.e.jetty.server.ServerConnector - Started ServerConnector@826ee11{SSL-HTTP/1.1}{localhost:7473}
2014-11-19 22:16:39.185+0000 INFO  [API] Remote interface ready and available at [http://localhost:7373/]
2014-11-19 22:18:11.226+0000 INFO  [API] Neo4j Server shutdown initiated by request
14:18:11.231 [Thread-22] INFO  o.e.jetty.server.ServerConnector - Stopped ServerConnector@604d5a55{HTTP/1.1}{localhost:7373}
14:18:11.232 [Thread-22] INFO  o.e.jetty.server.ServerConnector - Stopped ServerConnector@826ee11{SSL-HTTP/1.1}{localhost:7473}
14:18:11.232 [Thread-22] INFO  o.e.j.server.handler.ContextHandler - Stopped o.e.j.s.ServletContextHandler@6d73eb9d{/,null,UNAVAILABLE}
14:18:11.234 [Thread-22] INFO  o.e.j.server.handler.ContextHandler - Stopped o.e.j.w.WebAppContext@123c668d{/browser,jar:file:/home/adam/git/neo4j-test-server/system/lib/neo4j-browser-2.0.0.jar!/browser,UNAVAILABLE}
14:18:11.234 [Thread-22] INFO  o.e.j.server.handler.ContextHandler - Stopped o.e.j.s.ServletContextHandler@2f5fddb7{/db/data,null,UNAVAILABLE}
14:18:11.234 [Thread-22] INFO  o.e.j.server.handler.ContextHandler - Stopped o.e.j.s.ServletContextHandler@59bf5c8e{/db/manage,null,UNAVAILABLE}
14:18:11.235 [Thread-22] INFO  o.e.j.server.handler.ContextHandler - Stopped o.e.j.w.WebAppContext@4f7626f8{/webadmin,jar:file:/home/adam/git/neo4j-test-server/system/lib/neo4j-server-2.0.0-static-web.jar!/webadmin-html,UNAVAILABLE}
14:18:11.236 [Thread-22] INFO  o.e.j.server.handler.ContextHandler - Stopped o.e.j.s.h.MovedContextHandler@280f257d{/,null,UNAVAILABLE}
